2023-05-17 06:50:09.219  INFO 25864 --- [restartedMain] iProjectConsumerIplPlayesInfoApplication : Starting SpringBootMsProject12MiniProjectConsumerIplPlayesInfoApplication using Java 17.0.4.1 on TapasRout with PID 25864 (D:\eclipse-jee-2022-09\WorkSpace\SpringBootMSProject-12-MiniProject-ConsumerIPLPlayesInfo\target\classes started by user in D:\eclipse-jee-2022-09\WorkSpace\SpringBootMSProject-12-MiniProject-ConsumerIPLPlayesInfo)
2023-05-17 06:50:09.255  INFO 25864 --- [restartedMain] iProjectConsumerIplPlayesInfoApplication : No active profile set, falling back to 1 default profile: "default"
2023-05-17 06:50:09.312  INFO 25864 --- [restartedMain] o.s.c.c.c.ConfigServerConfigDataLoader   : Fetching config from server at : http://localhost:8888
2023-05-17 06:50:09.313  INFO 25864 --- [restartedMain] o.s.c.c.c.ConfigServerConfigDataLoader   : Located environment: name=IPLPlayers-consumer, profiles=[default], label=null, version=99545e919a6f82998c5fdafbdfe758296615d2a3, state=null
2023-05-17 06:50:09.315  INFO 25864 --- [restartedMain] o.s.b.devtools.restart.ChangeableUrls    : The Class-Path manifest attribute in C:\Users\user\.m2\repository\com\oracle\database\jdbc\ojdbc8\21.5.0.0\ojdbc8-21.5.0.0.jar referenced one or more files that do not exist: file:/C:/Users/user/.m2/repository/com/oracle/database/jdbc/ojdbc8/21.5.0.0/oraclepki.jar
2023-05-17 06:50:09.316  INFO 25864 --- [restartedMain] .e.DevToolsPropertyDefaultsPostProcessor : Devtools property defaults active! Set 'spring.devtools.add-properties' to 'false' to disable
2023-05-17 06:50:09.316  INFO 25864 --- [restartedMain] .e.DevToolsPropertyDefaultsPostProcessor : For additional web related logging consider setting the 'logging.level.web' property to 'DEBUG'
2023-05-17 06:50:10.399  INFO 25864 --- [restartedMain] .s.d.r.c.RepositoryConfigurationDelegate : Bootstrapping Spring Data JPA repositories in DEFAULT mode.
2023-05-17 06:50:10.542  INFO 25864 --- [restartedMain] .s.d.r.c.RepositoryConfigurationDelegate : Finished Spring Data repository scanning in 134 ms. Found 1 JPA repository interfaces.
2023-05-17 06:50:10.854  INFO 25864 --- [restartedMain] o.s.cloud.context.scope.GenericScope     : BeanFactory id=2c40741f-d240-31bf-b7e5-258512e78f1c
2023-05-17 06:50:11.619  INFO 25864 --- [restartedMain] o.s.b.w.embedded.tomcat.TomcatWebServer  : Tomcat initialized with port(s): 8082 (http)
2023-05-17 06:50:11.628  INFO 25864 --- [restartedMain] o.apache.catalina.core.StandardService   : Starting service [Tomcat]
2023-05-17 06:50:11.628  INFO 25864 --- [restartedMain] org.apache.catalina.core.StandardEngine  : Starting Servlet engine: [Apache Tomcat/9.0.74]
2023-05-17 06:50:11.751  INFO 25864 --- [restartedMain] o.a.c.c.C.[Tomcat].[localhost].[/]       : Initializing Spring embedded WebApplicationContext
2023-05-17 06:50:11.751  INFO 25864 --- [restartedMain] w.s.c.ServletWebServerApplicationContext : Root WebApplicationContext: initialization completed in 2435 ms
2023-05-17 06:50:12.068  INFO 25864 --- [restartedMain] o.hibernate.jpa.internal.util.LogHelper  : HHH000204: Processing PersistenceUnitInfo [name: default]
2023-05-17 06:50:12.112  INFO 25864 --- [restartedMain] org.hibernate.Version                    : HHH000412: Hibernate ORM core version 5.6.15.Final
2023-05-17 06:50:12.271  INFO 25864 --- [restartedMain] o.hibernate.annotations.common.Version   : HCANN000001: Hibernate Commons Annotations {5.1.2.Final}
2023-05-17 06:50:12.357  INFO 25864 --- [restartedMain] com.zaxxer.hikari.HikariDataSource       : HikariPool-1 - Starting...
2023-05-17 06:50:12.362  WARN 25864 --- [restartedMain] com.zaxxer.hikari.util.DriverDataSource  : Registered driver with driverClassName=oracle.jdbc.driver.OracleDriver was not found, trying direct instantiation.
2023-05-17 06:50:12.787  INFO 25864 --- [restartedMain] com.zaxxer.hikari.HikariDataSource       : HikariPool-1 - Start completed.
2023-05-17 06:50:12.806  INFO 25864 --- [restartedMain] org.hibernate.dialect.Dialect            : HHH000400: Using dialect: org.hibernate.dialect.Oracle10gDialect
2023-05-17 06:50:16.307  INFO 25864 --- [restartedMain] o.h.e.t.j.p.i.JtaPlatformInitiator       : HHH000490: Using JtaPlatform implementation: [org.hibernate.engine.transaction.jta.platform.internal.NoJtaPlatform]
2023-05-17 06:50:16.319  INFO 25864 --- [restartedMain] j.LocalContainerEntityManagerFactoryBean : Initialized JPA EntityManagerFactory for persistence unit 'default'
2023-05-17 06:50:16.668  WARN 25864 --- [restartedMain] JpaBaseConfiguration$JpaWebConfiguration : spring.jpa.open-in-view is enabled by default. Therefore, database queries may be performed during view rendering. Explicitly configure spring.jpa.open-in-view to disable this warning
2023-05-17 06:50:16.718  WARN 25864 --- [restartedMain] o.s.b.d.a.OptionalLiveReloadServer       : Unable to start LiveReload server
2023-05-17 06:50:16.780  INFO 25864 --- [restartedMain] o.s.c.openfeign.FeignClientFactoryBean   : For 'IPLTeam-Service' URL not provided. Will try picking an instance via load-balancing.
2023-05-17 06:50:17.738  INFO 25864 --- [restartedMain] DiscoveryClientOptionalArgsConfiguration : Eureka HTTP Client uses RestTemplate.
2023-05-17 06:50:17.778  WARN 25864 --- [restartedMain] iguration$LoadBalancerCaffeineWarnLogger : Spring Cloud LoadBalancer is currently working with the default cache. While this cache implementation is useful for development and tests, it's recommended to use Caffeine cache in production.You can switch to using Caffeine cache, by adding it and org.springframework.cache.caffeine.CaffeineCacheManager to the classpath.
2023-05-17 06:50:17.787  INFO 25864 --- [restartedMain] o.s.b.a.e.web.EndpointLinksResolver      : Exposing 17 endpoint(s) beneath base path '/actuator'
2023-05-17 06:50:17.861  INFO 25864 --- [restartedMain] o.s.c.n.eureka.InstanceInfoFactory       : Setting initial instance status as: STARTING
2023-05-17 06:50:17.903  INFO 25864 --- [restartedMain] com.netflix.discovery.DiscoveryClient    : Initializing Eureka in region us-east-1
2023-05-17 06:50:17.907  INFO 25864 --- [restartedMain] c.n.d.s.r.aws.ConfigClusterResolver      : Resolving eureka endpoints via configuration
2023-05-17 06:50:17.934  INFO 25864 --- [restartedMain] com.netflix.discovery.DiscoveryClient    : Disable delta property : false
2023-05-17 06:50:17.934  INFO 25864 --- [restartedMain] com.netflix.discovery.DiscoveryClient    : Single vip registry refresh property : null
2023-05-17 06:50:17.934  INFO 25864 --- [restartedMain] com.netflix.discovery.DiscoveryClient    : Force full registry fetch : false
2023-05-17 06:50:17.934  INFO 25864 --- [restartedMain] com.netflix.discovery.DiscoveryClient    : Application is null : false
2023-05-17 06:50:17.935  INFO 25864 --- [restartedMain] com.netflix.discovery.DiscoveryClient    : Registered Applications size is zero : true
2023-05-17 06:50:17.935  INFO 25864 --- [restartedMain] com.netflix.discovery.DiscoveryClient    : Application version is -1: true
2023-05-17 06:50:17.935  INFO 25864 --- [restartedMain] com.netflix.discovery.DiscoveryClient    : Getting all instance registry info from the eureka server
2023-05-17 06:50:18.034  INFO 25864 --- [restartedMain] com.netflix.discovery.DiscoveryClient    : The response status is 200
2023-05-17 06:50:18.038  INFO 25864 --- [restartedMain] com.netflix.discovery.DiscoveryClient    : Starting heartbeat executor: renew interval is: 30
2023-05-17 06:50:18.041  INFO 25864 --- [restartedMain] c.n.discovery.InstanceInfoReplicator     : InstanceInfoReplicator onDemand update allowed rate per min is 4
2023-05-17 06:50:18.047  INFO 25864 --- [restartedMain] com.netflix.discovery.DiscoveryClient    : Discovery Client initialized at timestamp 1684286418046 with initial instances count: 1
2023-05-17 06:50:18.049  INFO 25864 --- [restartedMain] o.s.c.n.e.s.EurekaServiceRegistry        : Registering application IPLPLAYERS-CONSUMER with eureka with status UP
2023-05-17 06:50:18.050  INFO 25864 --- [restartedMain] com.netflix.discovery.DiscoveryClient    : Saw local status change event StatusChangeEvent [timestamp=1684286418050, current=UP, previous=STARTING]
2023-05-17 06:50:18.052  INFO 25864 --- [DiscoveryClient-InstanceInfoReplicator-0] com.netflix.discovery.DiscoveryClient    : DiscoveryClient_IPLPLAYERS-CONSUMER/IPLPlayers-consumer:6cdafcddc7674459b9670e2b239358e0: registering service...
2023-05-17 06:50:18.081  INFO 25864 --- [restartedMain] o.s.b.w.embedded.tomcat.TomcatWebServer  : Tomcat started on port(s): 8082 (http) with context path ''
2023-05-17 06:50:18.082  INFO 25864 --- [restartedMain] .s.c.n.e.s.EurekaAutoServiceRegistration : Updating port to 8082
2023-05-17 06:50:18.096  INFO 25864 --- [DiscoveryClient-InstanceInfoReplicator-0] com.netflix.discovery.DiscoveryClient    : DiscoveryClient_IPLPLAYERS-CONSUMER/IPLPlayers-consumer:6cdafcddc7674459b9670e2b239358e0 - registration status: 204
2023-05-17 06:50:18.255  INFO 25864 --- [restartedMain] iProjectConsumerIplPlayesInfoApplication : Started SpringBootMsProject12MiniProjectConsumerIplPlayesInfoApplication in 11.925 seconds (JVM running for 12.934)
2023-05-17 06:50:18.305  INFO 25864 --- [registrationTask1] d.c.b.a.c.r.ApplicationRegistrator       : Application registered itself as b33e40638684
2023-05-17 06:50:18.377  INFO 25864 --- [http-nio-8082-exec-1] o.a.c.c.C.[Tomcat].[localhost].[/]       : Initializing Spring DispatcherServlet 'dispatcherServlet'
2023-05-17 06:50:18.377  INFO 25864 --- [http-nio-8082-exec-1] o.s.web.servlet.DispatcherServlet        : Initializing Servlet 'dispatcherServlet'
2023-05-17 06:50:18.379  INFO 25864 --- [http-nio-8082-exec-1] o.s.web.servlet.DispatcherServlet        : Completed initialization in 2 ms
2023-05-17 06:55:17.947  INFO 25864 --- [AsyncResolver-bootstrap-executor-0] c.n.d.s.r.aws.ConfigClusterResolver      : Resolving eureka endpoints via configuration
2023-05-17 06:59:04.681  INFO 25864 --- [http-nio-8082-exec-5] c.n.r.IPLPlayerRequestController         : Entered into consumer-restcontroller-savePlayer
2023-05-17 06:59:04.682  INFO 25864 --- [http-nio-8082-exec-5] com.nt.service.IplayerInfoImpl           : Entered into consumer-service-registerPlayer()
2023-05-17 06:59:05.241  INFO 25864 --- [http-nio-8082-exec-5] com.nt.service.IplayerInfoImpl           : Get the team object
2023-05-17 06:59:05.242  INFO 25864 --- [http-nio-8082-exec-5] com.nt.service.IplayerInfoImpl           : Set team to the player
2023-05-17 06:59:05.535  INFO 25864 --- [http-nio-8082-exec-5] com.nt.service.IplayerInfoImpl           : get the player id 
2023-05-17 06:59:05.536  INFO 25864 --- [http-nio-8082-exec-5] c.n.r.IPLPlayerRequestController         : call the service method
2023-05-17 07:00:05.776  INFO 25864 --- [http-nio-8082-exec-9] c.n.r.IPLPlayerRequestController         : Entered into consumer-restcontroller-savePlayer
2023-05-17 07:00:05.776  INFO 25864 --- [http-nio-8082-exec-9] com.nt.service.IplayerInfoImpl           : Entered into consumer-service-registerPlayer()
2023-05-17 07:00:05.788  INFO 25864 --- [http-nio-8082-exec-9] com.nt.service.IplayerInfoImpl           : Get the team object
2023-05-17 07:00:05.788  INFO 25864 --- [http-nio-8082-exec-9] com.nt.service.IplayerInfoImpl           : Set team to the player
2023-05-17 07:00:05.818  INFO 25864 --- [http-nio-8082-exec-9] com.nt.service.IplayerInfoImpl           : get the player id 
2023-05-17 07:00:05.818  INFO 25864 --- [http-nio-8082-exec-9] c.n.r.IPLPlayerRequestController         : call the service method
2023-05-17 07:00:17.950  INFO 25864 --- [AsyncResolver-bootstrap-executor-0] c.n.d.s.r.aws.ConfigClusterResolver      : Resolving eureka endpoints via configuration
2023-05-17 07:02:31.386  INFO 25864 --- [http-nio-8082-exec-10] c.n.r.IPLPlayerRequestController         : Entered into consumer-restcontroller-savePlayer
2023-05-17 07:02:31.387  INFO 25864 --- [http-nio-8082-exec-10] com.nt.service.IplayerInfoImpl           : Entered into consumer-service-registerPlayer()
2023-05-17 07:02:31.402  INFO 25864 --- [http-nio-8082-exec-10] com.nt.service.IplayerInfoImpl           : Get the team object
2023-05-17 07:02:31.402  INFO 25864 --- [http-nio-8082-exec-10] com.nt.service.IplayerInfoImpl           : Set team to the player
2023-05-17 07:02:31.414  INFO 25864 --- [http-nio-8082-exec-10] com.nt.service.IplayerInfoImpl           : get the player id 
2023-05-17 07:02:31.415  INFO 25864 --- [http-nio-8082-exec-10] c.n.r.IPLPlayerRequestController         : call the service method
2023-05-17 07:03:15.425  INFO 25864 --- [http-nio-8082-exec-4] c.n.r.IPLPlayerRequestController         : Entered into consumer-restcontroller-savePlayer
2023-05-17 07:03:15.426  INFO 25864 --- [http-nio-8082-exec-4] com.nt.service.IplayerInfoImpl           : Entered into consumer-service-registerPlayer()
2023-05-17 07:03:15.450  INFO 25864 --- [http-nio-8082-exec-4] com.nt.service.IplayerInfoImpl           : Get the team object
2023-05-17 07:03:15.451  INFO 25864 --- [http-nio-8082-exec-4] com.nt.service.IplayerInfoImpl           : Set team to the player
2023-05-17 07:03:15.462  INFO 25864 --- [http-nio-8082-exec-4] com.nt.service.IplayerInfoImpl           : get the player id 
2023-05-17 07:03:15.462  INFO 25864 --- [http-nio-8082-exec-4] c.n.r.IPLPlayerRequestController         : call the service method
2023-05-17 07:04:04.354  INFO 25864 --- [http-nio-8082-exec-7] c.n.r.IPLPlayerRequestController         : Entered into consumer-restcontroller-fetchAllPlayer
2023-05-17 07:04:04.354  INFO 25864 --- [http-nio-8082-exec-7] com.nt.service.IplayerInfoImpl           : Entered into consumer-service-findAllPlayer()
2023-05-17 07:04:04.695  INFO 25864 --- [http-nio-8082-exec-7] c.n.r.IPLPlayerRequestController         : Get the list of the player
2023-05-17 07:05:17.955  INFO 25864 --- [AsyncResolver-bootstrap-executor-0] c.n.d.s.r.aws.ConfigClusterResolver      : Resolving eureka endpoints via configuration
2023-05-17 07:06:31.744  INFO 25864 --- [RMI TCP Connection(23)-127.0.0.1] inMXBeanRegistrar$SpringApplicationAdmin : Application shutdown requested.
2023-05-17 07:06:31.759  INFO 25864 --- [RMI TCP Connection(23)-127.0.0.1] o.s.c.n.e.s.EurekaServiceRegistry        : Unregistering application IPLPLAYERS-CONSUMER with eureka with status DOWN
2023-05-17 07:06:31.761  INFO 25864 --- [RMI TCP Connection(23)-127.0.0.1] com.netflix.discovery.DiscoveryClient    : Saw local status change event StatusChangeEvent [timestamp=1684287391761, current=DOWN, previous=UP]
2023-05-17 07:06:31.762  INFO 25864 --- [DiscoveryClient-InstanceInfoReplicator-0] com.netflix.discovery.DiscoveryClient    : DiscoveryClient_IPLPLAYERS-CONSUMER/IPLPlayers-consumer:6cdafcddc7674459b9670e2b239358e0: registering service...
2023-05-17 07:06:31.782  INFO 25864 --- [DiscoveryClient-InstanceInfoReplicator-0] com.netflix.discovery.DiscoveryClient    : DiscoveryClient_IPLPLAYERS-CONSUMER/IPLPlayers-consumer:6cdafcddc7674459b9670e2b239358e0 - registration status: 204
2023-05-17 07:06:31.905  INFO 25864 --- [RMI TCP Connection(23)-127.0.0.1] o.apache.catalina.core.StandardService   : Stopping service [Tomcat]
2023-05-17 07:06:31.908  INFO 25864 --- [RMI TCP Connection(23)-127.0.0.1] o.a.c.c.C.[Tomcat].[localhost].[/]       : Destroying Spring FrameworkServlet 'dispatcherServlet'
2023-05-17 07:06:31.931  WARN 25864 --- [RMI TCP Connection(23)-127.0.0.1] o.a.c.loader.WebappClassLoaderBase       : The web application [ROOT] appears to have started a thread named [boundedElastic-evictor-1] but has failed to stop it. This is very likely to create a memory leak. Stack trace of thread:
 java.base@17.0.4.1/jdk.internal.misc.Unsafe.park(Native Method)
 java.base@17.0.4.1/java.util.concurrent.locks.LockSupport.parkNanos(LockSupport.java:252)
 java.base@17.0.4.1/java.util.concurrent.locks.AbstractQueuedSynchronizer$ConditionObject.awaitNanos(AbstractQueuedSynchronizer.java:1672)
 java.base@17.0.4.1/java.util.concurrent.ScheduledThreadPoolExecutor$DelayedWorkQueue.take(ScheduledThreadPoolExecutor.java:1182)
 java.base@17.0.4.1/java.util.concurrent.ScheduledThreadPoolExecutor$DelayedWorkQueue.take(ScheduledThreadPoolExecutor.java:899)
 java.base@17.0.4.1/java.util.concurrent.ThreadPoolExecutor.getTask(ThreadPoolExecutor.java:1062)
 java.base@17.0.4.1/java.util.concurrent.ThreadPoolExecutor.runWorker(ThreadPoolExecutor.java:1122)
 java.base@17.0.4.1/java.util.concurrent.ThreadPoolExecutor$Worker.run(ThreadPoolExecutor.java:635)
 java.base@17.0.4.1/java.lang.Thread.run(Thread.java:833)
2023-05-17 07:06:31.933  WARN 25864 --- [RMI TCP Connection(23)-127.0.0.1] o.a.c.loader.WebappClassLoaderBase       : The web application [ROOT] appears to have started a thread named [pool-11-thread-1] but has failed to stop it. This is very likely to create a memory leak. Stack trace of thread:
 java.base@17.0.4.1/jdk.internal.misc.Unsafe.park(Native Method)
 java.base@17.0.4.1/java.util.concurrent.locks.LockSupport.park(LockSupport.java:341)
 java.base@17.0.4.1/java.util.concurrent.locks.AbstractQueuedSynchronizer$ConditionNode.block(AbstractQueuedSynchronizer.java:506)
 java.base@17.0.4.1/java.util.concurrent.ForkJoinPool.unmanagedBlock(ForkJoinPool.java:3463)
 java.base@17.0.4.1/java.util.concurrent.ForkJoinPool.managedBlock(ForkJoinPool.java:3434)
 java.base@17.0.4.1/java.util.concurrent.locks.AbstractQueuedSynchronizer$ConditionObject.await(AbstractQueuedSynchronizer.java:1623)
 java.base@17.0.4.1/java.util.concurrent.ScheduledThreadPoolExecutor$DelayedWorkQueue.take(ScheduledThreadPoolExecutor.java:1170)
 java.base@17.0.4.1/java.util.concurrent.ScheduledThreadPoolExecutor$DelayedWorkQueue.take(ScheduledThreadPoolExecutor.java:899)
 java.base@17.0.4.1/java.util.concurrent.ThreadPoolExecutor.getTask(ThreadPoolExecutor.java:1062)
 java.base@17.0.4.1/java.util.concurrent.ThreadPoolExecutor.runWorker(ThreadPoolExecutor.java:1122)
 java.base@17.0.4.1/java.util.concurrent.ThreadPoolExecutor$Worker.run(ThreadPoolExecutor.java:635)
 java.base@17.0.4.1/java.lang.Thread.run(Thread.java:833)
2023-05-17 07:06:31.992  WARN 25864 --- [RMI TCP Connection(23)-127.0.0.1] s.c.a.AnnotationConfigApplicationContext : Exception thrown from ApplicationListener handling ContextClosedEvent

org.springframework.beans.factory.BeanCreationNotAllowedException: Error creating bean with name 'registrationListener': Singleton bean creation not allowed while singletons of this factory are in destruction (Do not request a bean from a BeanFactory in a destroy method implementation!)
	at org.springframework.beans.factory.support.DefaultSingletonBeanRegistry.getSingleton(DefaultSingletonBeanRegistry.java:220) ~[spring-beans-5.3.27.jar:5.3.27]
	at org.springframework.beans.factory.support.AbstractBeanFactory.doGetBean(AbstractBeanFactory.java:333) ~[spring-beans-5.3.27.jar:5.3.27]
	at org.springframework.beans.factory.support.AbstractBeanFactory.getBean(AbstractBeanFactory.java:208) ~[spring-beans-5.3.27.jar:5.3.27]
	at org.springframework.context.support.AbstractApplicationContext.getBean(AbstractApplicationContext.java:1156) ~[spring-context-5.3.27.jar:5.3.27]
	at org.springframework.context.event.ApplicationListenerMethodAdapter.getTargetBean(ApplicationListenerMethodAdapter.java:371) ~[spring-context-5.3.27.jar:5.3.27]
	at org.springframework.context.event.ApplicationListenerMethodAdapter.doInvoke(ApplicationListenerMethodAdapter.java:336) ~[spring-context-5.3.27.jar:5.3.27]
	at org.springframework.context.event.ApplicationListenerMethodAdapter.processEvent(ApplicationListenerMethodAdapter.java:229) ~[spring-context-5.3.27.jar:5.3.27]
	at org.springframework.context.event.ApplicationListenerMethodAdapter.onApplicationEvent(ApplicationListenerMethodAdapter.java:166) ~[spring-context-5.3.27.jar:5.3.27]
	at org.springframework.context.event.SimpleApplicationEventMulticaster.doInvokeListener(SimpleApplicationEventMulticaster.java:176) ~[spring-context-5.3.27.jar:5.3.27]
	at org.springframework.context.event.SimpleApplicationEventMulticaster.invokeListener(SimpleApplicationEventMulticaster.java:169) ~[spring-context-5.3.27.jar:5.3.27]
	at org.springframework.context.event.SimpleApplicationEventMulticaster.multicastEvent(SimpleApplicationEventMulticaster.java:143) ~[spring-context-5.3.27.jar:5.3.27]
	at org.springframework.context.support.AbstractApplicationContext.publishEvent(AbstractApplicationContext.java:421) ~[spring-context-5.3.27.jar:5.3.27]
	at org.springframework.context.support.AbstractApplicationContext.publishEvent(AbstractApplicationContext.java:427) ~[spring-context-5.3.27.jar:5.3.27]
	at org.springframework.context.support.AbstractApplicationContext.publishEvent(AbstractApplicationContext.java:378) ~[spring-context-5.3.27.jar:5.3.27]
	at org.springframework.context.support.AbstractApplicationContext.doClose(AbstractApplicationContext.java:1060) ~[spring-context-5.3.27.jar:5.3.27]
	at org.springframework.context.support.AbstractApplicationContext.close(AbstractApplicationContext.java:1023) ~[spring-context-5.3.27.jar:5.3.27]
	at org.springframework.cloud.context.named.NamedContextFactory.destroy(NamedContextFactory.java:99) ~[spring-cloud-context-3.1.6.jar:3.1.6]
	at org.springframework.beans.factory.support.DisposableBeanAdapter.destroy(DisposableBeanAdapter.java:213) ~[spring-beans-5.3.27.jar:5.3.27]
	at org.springframework.beans.factory.support.DefaultSingletonBeanRegistry.destroyBean(DefaultSingletonBeanRegistry.java:587) ~[spring-beans-5.3.27.jar:5.3.27]
	at org.springframework.beans.factory.support.DefaultSingletonBeanRegistry.destroySingleton(DefaultSingletonBeanRegistry.java:559) ~[spring-beans-5.3.27.jar:5.3.27]
	at org.springframework.beans.factory.support.DefaultListableBeanFactory.destroySingleton(DefaultListableBeanFactory.java:1163) ~[spring-beans-5.3.27.jar:5.3.27]
	at org.springframework.beans.factory.support.DefaultSingletonBeanRegistry.destroySingletons(DefaultSingletonBeanRegistry.java:520) ~[spring-beans-5.3.27.jar:5.3.27]
	at org.springframework.beans.factory.support.DefaultListableBeanFactory.destroySingletons(DefaultListableBeanFactory.java:1156) ~[spring-beans-5.3.27.jar:5.3.27]
	at org.springframework.context.support.AbstractApplicationContext.destroyBeans(AbstractApplicationContext.java:1108) ~[spring-context-5.3.27.jar:5.3.27]
	at org.springframework.context.support.AbstractApplicationContext.doClose(AbstractApplicationContext.java:1077) ~[spring-context-5.3.27.jar:5.3.27]
	at org.springframework.boot.web.servlet.context.ServletWebServerApplicationContext.doClose(ServletWebServerApplicationContext.java:174) ~[spring-boot-2.7.11.jar:2.7.11]
	at org.springframework.context.support.AbstractApplicationContext.close(AbstractApplicationContext.java:1023) ~[spring-context-5.3.27.jar:5.3.27]
	at org.springframework.boot.admin.SpringApplicationAdminMXBeanRegistrar$SpringApplicationAdmin.shutdown(SpringApplicationAdminMXBeanRegistrar.java:160) ~[spring-boot-2.7.11.jar:2.7.11]
	at java.base/jdk.internal.reflect.NativeMethodAccessorImpl.invoke0(Native Method) ~[na:na]
	at java.base/jdk.internal.reflect.NativeMethodAccessorImpl.invoke(NativeMethodAccessorImpl.java:77) ~[na:na]
	at java.base/jdk.internal.reflect.DelegatingMethodAccessorImpl.invoke(DelegatingMethodAccessorImpl.java:43) ~[na:na]
	at java.base/java.lang.reflect.Method.invoke(Method.java:568) ~[na:na]
	at sun.reflect.misc.Trampoline.invoke(MethodUtil.java:72) ~[na:na]
	at java.base/jdk.internal.reflect.NativeMethodAccessorImpl.invoke0(Native Method) ~[na:na]
	at java.base/jdk.internal.reflect.NativeMethodAccessorImpl.invoke(NativeMethodAccessorImpl.java:77) ~[na:na]
	at java.base/jdk.internal.reflect.DelegatingMethodAccessorImpl.invoke(DelegatingMethodAccessorImpl.java:43) ~[na:na]
	at java.base/java.lang.reflect.Method.invoke(Method.java:568) ~[na:na]
	at java.base/sun.reflect.misc.MethodUtil.invoke(MethodUtil.java:262) ~[na:na]
	at java.management/com.sun.jmx.mbeanserver.ConvertingMethod.invokeWithOpenReturn(ConvertingMethod.java:193) ~[na:na]
	at java.management/com.sun.jmx.mbeanserver.ConvertingMethod.invokeWithOpenReturn(ConvertingMethod.java:175) ~[na:na]
	at java.management/com.sun.jmx.mbeanserver.MXBeanIntrospector.invokeM2(MXBeanIntrospector.java:117) ~[na:na]
	at java.management/com.sun.jmx.mbeanserver.MXBeanIntrospector.invokeM2(MXBeanIntrospector.java:54) ~[na:na]
	at java.management/com.sun.jmx.mbeanserver.MBeanIntrospector.invokeM(MBeanIntrospector.java:237) ~[na:na]
	at java.management/com.sun.jmx.mbeanserver.PerInterface.invoke(PerInterface.java:138) ~[na:na]
	at java.management/com.sun.jmx.mbeanserver.MBeanSupport.invoke(MBeanSupport.java:252) ~[na:na]
	at java.management/com.sun.jmx.interceptor.DefaultMBeanServerInterceptor.invoke(DefaultMBeanServerInterceptor.java:814) ~[na:na]
	at java.management/com.sun.jmx.mbeanserver.JmxMBeanServer.invoke(JmxMBeanServer.java:802) ~[na:na]
	at java.management.rmi/javax.management.remote.rmi.RMIConnectionImpl.doOperation(RMIConnectionImpl.java:1472) ~[na:na]
	at java.management.rmi/javax.management.remote.rmi.RMIConnectionImpl$PrivilegedOperation.run(RMIConnectionImpl.java:1310) ~[na:na]
	at java.management.rmi/javax.management.remote.rmi.RMIConnectionImpl.doPrivilegedOperation(RMIConnectionImpl.java:1405) ~[na:na]
	at java.management.rmi/javax.management.remote.rmi.RMIConnectionImpl.invoke(RMIConnectionImpl.java:829) ~[na:na]
	at java.base/jdk.internal.reflect.GeneratedMethodAccessor38.invoke(Unknown Source) ~[na:na]
	at java.base/jdk.internal.reflect.DelegatingMethodAccessorImpl.invoke(DelegatingMethodAccessorImpl.java:43) ~[na:na]
	at java.base/java.lang.reflect.Method.invoke(Method.java:568) ~[na:na]
	at java.rmi/sun.rmi.server.UnicastServerRef.dispatch(UnicastServerRef.java:360) ~[na:na]
	at java.rmi/sun.rmi.transport.Transport$1.run(Transport.java:200) ~[na:na]
	at java.rmi/sun.rmi.transport.Transport$1.run(Transport.java:197) ~[na:na]
	at java.base/java.security.AccessController.doPrivileged(AccessController.java:712) ~[na:na]
	at java.rmi/sun.rmi.transport.Transport.serviceCall(Transport.java:196) ~[na:na]
	at java.rmi/sun.rmi.transport.tcp.TCPTransport.handleMessages(TCPTransport.java:587) ~[na:na]
	at java.rmi/sun.rmi.transport.tcp.TCPTransport$ConnectionHandler.run0(TCPTransport.java:828) ~[na:na]
	at java.rmi/sun.rmi.transport.tcp.TCPTransport$ConnectionHandler.lambda$run$0(TCPTransport.java:705) ~[na:na]
	at java.base/java.security.AccessController.doPrivileged(AccessController.java:399) ~[na:na]
	at java.rmi/sun.rmi.transport.tcp.TCPTransport$ConnectionHandler.run(TCPTransport.java:704) ~[na:na]
	at java.base/java.util.concurrent.ThreadPoolExecutor.runWorker(ThreadPoolExecutor.java:1136) ~[na:na]
	at java.base/java.util.concurrent.ThreadPoolExecutor$Worker.run(ThreadPoolExecutor.java:635) ~[na:na]
	at java.base/java.lang.Thread.run(Thread.java:833) ~[na:na]

2023-05-17 07:06:31.998  WARN 25864 --- [RMI TCP Connection(23)-127.0.0.1] s.c.a.AnnotationConfigApplicationContext : Exception thrown from ApplicationListener handling ContextClosedEvent

org.springframework.beans.factory.BeanCreationNotAllowedException: Error creating bean with name 'registrationListener': Singleton bean creation not allowed while singletons of this factory are in destruction (Do not request a bean from a BeanFactory in a destroy method implementation!)
	at org.springframework.beans.factory.support.DefaultSingletonBeanRegistry.getSingleton(DefaultSingletonBeanRegistry.java:220) ~[spring-beans-5.3.27.jar:5.3.27]
	at org.springframework.beans.factory.support.AbstractBeanFactory.doGetBean(AbstractBeanFactory.java:333) ~[spring-beans-5.3.27.jar:5.3.27]
	at org.springframework.beans.factory.support.AbstractBeanFactory.getBean(AbstractBeanFactory.java:208) ~[spring-beans-5.3.27.jar:5.3.27]
	at org.springframework.context.support.AbstractApplicationContext.getBean(AbstractApplicationContext.java:1156) ~[spring-context-5.3.27.jar:5.3.27]
	at org.springframework.context.event.ApplicationListenerMethodAdapter.getTargetBean(ApplicationListenerMethodAdapter.java:371) ~[spring-context-5.3.27.jar:5.3.27]
	at org.springframework.context.event.ApplicationListenerMethodAdapter.doInvoke(ApplicationListenerMethodAdapter.java:336) ~[spring-context-5.3.27.jar:5.3.27]
	at org.springframework.context.event.ApplicationListenerMethodAdapter.processEvent(ApplicationListenerMethodAdapter.java:229) ~[spring-context-5.3.27.jar:5.3.27]
	at org.springframework.context.event.ApplicationListenerMethodAdapter.onApplicationEvent(ApplicationListenerMethodAdapter.java:166) ~[spring-context-5.3.27.jar:5.3.27]
	at org.springframework.context.event.SimpleApplicationEventMulticaster.doInvokeListener(SimpleApplicationEventMulticaster.java:176) ~[spring-context-5.3.27.jar:5.3.27]
	at org.springframework.context.event.SimpleApplicationEventMulticaster.invokeListener(SimpleApplicationEventMulticaster.java:169) ~[spring-context-5.3.27.jar:5.3.27]
	at org.springframework.context.event.SimpleApplicationEventMulticaster.multicastEvent(SimpleApplicationEventMulticaster.java:143) ~[spring-context-5.3.27.jar:5.3.27]
	at org.springframework.context.support.AbstractApplicationContext.publishEvent(AbstractApplicationContext.java:421) ~[spring-context-5.3.27.jar:5.3.27]
	at org.springframework.context.support.AbstractApplicationContext.publishEvent(AbstractApplicationContext.java:427) ~[spring-context-5.3.27.jar:5.3.27]
	at org.springframework.context.support.AbstractApplicationContext.publishEvent(AbstractApplicationContext.java:378) ~[spring-context-5.3.27.jar:5.3.27]
	at org.springframework.context.support.AbstractApplicationContext.doClose(AbstractApplicationContext.java:1060) ~[spring-context-5.3.27.jar:5.3.27]
	at org.springframework.context.support.AbstractApplicationContext.close(AbstractApplicationContext.java:1023) ~[spring-context-5.3.27.jar:5.3.27]
	at org.springframework.cloud.context.named.NamedContextFactory.destroy(NamedContextFactory.java:99) ~[spring-cloud-context-3.1.6.jar:3.1.6]
	at org.springframework.beans.factory.support.DisposableBeanAdapter.destroy(DisposableBeanAdapter.java:213) ~[spring-beans-5.3.27.jar:5.3.27]
	at org.springframework.beans.factory.support.DefaultSingletonBeanRegistry.destroyBean(DefaultSingletonBeanRegistry.java:587) ~[spring-beans-5.3.27.jar:5.3.27]
	at org.springframework.beans.factory.support.DefaultSingletonBeanRegistry.destroySingleton(DefaultSingletonBeanRegistry.java:559) ~[spring-beans-5.3.27.jar:5.3.27]
	at org.springframework.beans.factory.support.DefaultListableBeanFactory.destroySingleton(DefaultListableBeanFactory.java:1163) ~[spring-beans-5.3.27.jar:5.3.27]
	at org.springframework.beans.factory.support.DefaultSingletonBeanRegistry.destroySingletons(DefaultSingletonBeanRegistry.java:520) ~[spring-beans-5.3.27.jar:5.3.27]
	at org.springframework.beans.factory.support.DefaultListableBeanFactory.destroySingletons(DefaultListableBeanFactory.java:1156) ~[spring-beans-5.3.27.jar:5.3.27]
	at org.springframework.context.support.AbstractApplicationContext.destroyBeans(AbstractApplicationContext.java:1108) ~[spring-context-5.3.27.jar:5.3.27]
	at org.springframework.context.support.AbstractApplicationContext.doClose(AbstractApplicationContext.java:1077) ~[spring-context-5.3.27.jar:5.3.27]
	at org.springframework.boot.web.servlet.context.ServletWebServerApplicationContext.doClose(ServletWebServerApplicationContext.java:174) ~[spring-boot-2.7.11.jar:2.7.11]
	at org.springframework.context.support.AbstractApplicationContext.close(AbstractApplicationContext.java:1023) ~[spring-context-5.3.27.jar:5.3.27]
	at org.springframework.boot.admin.SpringApplicationAdminMXBeanRegistrar$SpringApplicationAdmin.shutdown(SpringApplicationAdminMXBeanRegistrar.java:160) ~[spring-boot-2.7.11.jar:2.7.11]
	at java.base/jdk.internal.reflect.NativeMethodAccessorImpl.invoke0(Native Method) ~[na:na]
	at java.base/jdk.internal.reflect.NativeMethodAccessorImpl.invoke(NativeMethodAccessorImpl.java:77) ~[na:na]
	at java.base/jdk.internal.reflect.DelegatingMethodAccessorImpl.invoke(DelegatingMethodAccessorImpl.java:43) ~[na:na]
	at java.base/java.lang.reflect.Method.invoke(Method.java:568) ~[na:na]
	at sun.reflect.misc.Trampoline.invoke(MethodUtil.java:72) ~[na:na]
	at java.base/jdk.internal.reflect.NativeMethodAccessorImpl.invoke0(Native Method) ~[na:na]
	at java.base/jdk.internal.reflect.NativeMethodAccessorImpl.invoke(NativeMethodAccessorImpl.java:77) ~[na:na]
	at java.base/jdk.internal.reflect.DelegatingMethodAccessorImpl.invoke(DelegatingMethodAccessorImpl.java:43) ~[na:na]
	at java.base/java.lang.reflect.Method.invoke(Method.java:568) ~[na:na]
	at java.base/sun.reflect.misc.MethodUtil.invoke(MethodUtil.java:262) ~[na:na]
	at java.management/com.sun.jmx.mbeanserver.ConvertingMethod.invokeWithOpenReturn(ConvertingMethod.java:193) ~[na:na]
	at java.management/com.sun.jmx.mbeanserver.ConvertingMethod.invokeWithOpenReturn(ConvertingMethod.java:175) ~[na:na]
	at java.management/com.sun.jmx.mbeanserver.MXBeanIntrospector.invokeM2(MXBeanIntrospector.java:117) ~[na:na]
	at java.management/com.sun.jmx.mbeanserver.MXBeanIntrospector.invokeM2(MXBeanIntrospector.java:54) ~[na:na]
	at java.management/com.sun.jmx.mbeanserver.MBeanIntrospector.invokeM(MBeanIntrospector.java:237) ~[na:na]
	at java.management/com.sun.jmx.mbeanserver.PerInterface.invoke(PerInterface.java:138) ~[na:na]
	at java.management/com.sun.jmx.mbeanserver.MBeanSupport.invoke(MBeanSupport.java:252) ~[na:na]
	at java.management/com.sun.jmx.interceptor.DefaultMBeanServerInterceptor.invoke(DefaultMBeanServerInterceptor.java:814) ~[na:na]
	at java.management/com.sun.jmx.mbeanserver.JmxMBeanServer.invoke(JmxMBeanServer.java:802) ~[na:na]
	at java.management.rmi/javax.management.remote.rmi.RMIConnectionImpl.doOperation(RMIConnectionImpl.java:1472) ~[na:na]
	at java.management.rmi/javax.management.remote.rmi.RMIConnectionImpl$PrivilegedOperation.run(RMIConnectionImpl.java:1310) ~[na:na]
	at java.management.rmi/javax.management.remote.rmi.RMIConnectionImpl.doPrivilegedOperation(RMIConnectionImpl.java:1405) ~[na:na]
	at java.management.rmi/javax.management.remote.rmi.RMIConnectionImpl.invoke(RMIConnectionImpl.java:829) ~[na:na]
	at java.base/jdk.internal.reflect.GeneratedMethodAccessor38.invoke(Unknown Source) ~[na:na]
	at java.base/jdk.internal.reflect.DelegatingMethodAccessorImpl.invoke(DelegatingMethodAccessorImpl.java:43) ~[na:na]
	at java.base/java.lang.reflect.Method.invoke(Method.java:568) ~[na:na]
	at java.rmi/sun.rmi.server.UnicastServerRef.dispatch(UnicastServerRef.java:360) ~[na:na]
	at java.rmi/sun.rmi.transport.Transport$1.run(Transport.java:200) ~[na:na]
	at java.rmi/sun.rmi.transport.Transport$1.run(Transport.java:197) ~[na:na]
	at java.base/java.security.AccessController.doPrivileged(AccessController.java:712) ~[na:na]
	at java.rmi/sun.rmi.transport.Transport.serviceCall(Transport.java:196) ~[na:na]
	at java.rmi/sun.rmi.transport.tcp.TCPTransport.handleMessages(TCPTransport.java:587) ~[na:na]
	at java.rmi/sun.rmi.transport.tcp.TCPTransport$ConnectionHandler.run0(TCPTransport.java:828) ~[na:na]
	at java.rmi/sun.rmi.transport.tcp.TCPTransport$ConnectionHandler.lambda$run$0(TCPTransport.java:705) ~[na:na]
	at java.base/java.security.AccessController.doPrivileged(AccessController.java:399) ~[na:na]
	at java.rmi/sun.rmi.transport.tcp.TCPTransport$ConnectionHandler.run(TCPTransport.java:704) ~[na:na]
	at java.base/java.util.concurrent.ThreadPoolExecutor.runWorker(ThreadPoolExecutor.java:1136) ~[na:na]
	at java.base/java.util.concurrent.ThreadPoolExecutor$Worker.run(ThreadPoolExecutor.java:635) ~[na:na]
	at java.base/java.lang.Thread.run(Thread.java:833) ~[na:na]

2023-05-17 07:06:32.001  INFO 25864 --- [RMI TCP Connection(23)-127.0.0.1] j.LocalContainerEntityManagerFactoryBean : Closing JPA EntityManagerFactory for persistence unit 'default'
2023-05-17 07:06:32.013  INFO 25864 --- [RMI TCP Connection(23)-127.0.0.1] com.zaxxer.hikari.HikariDataSource       : HikariPool-1 - Shutdown initiated...
2023-05-17 07:06:32.108  INFO 25864 --- [RMI TCP Connection(23)-127.0.0.1] com.zaxxer.hikari.HikariDataSource       : HikariPool-1 - Shutdown completed.
2023-05-17 07:06:32.123  INFO 25864 --- [RMI TCP Connection(23)-127.0.0.1] com.netflix.discovery.DiscoveryClient    : Shutting down DiscoveryClient ...
2023-05-17 07:06:35.132  INFO 25864 --- [RMI TCP Connection(23)-127.0.0.1] com.netflix.discovery.DiscoveryClient    : Unregistering ...
2023-05-17 07:06:35.279  INFO 25864 --- [RMI TCP Connection(23)-127.0.0.1] com.netflix.discovery.DiscoveryClient    : DiscoveryClient_IPLPLAYERS-CONSUMER/IPLPlayers-consumer:6cdafcddc7674459b9670e2b239358e0 - deregister  status: 200
2023-05-17 07:06:35.284  INFO 25864 --- [RMI TCP Connection(23)-127.0.0.1] com.netflix.discovery.DiscoveryClient    : Completed shut down of DiscoveryClient
2023-05-17 07:25:08.976  INFO 24736 --- [restartedMain] iProjectConsumerIplPlayesInfoApplication : Starting SpringBootMsProject12MiniProjectConsumerIplPlayesInfoApplication using Java 17.0.4.1 on TapasRout with PID 24736 (D:\eclipse-jee-2022-09\WorkSpace\SpringBootMSProject-12-MiniProject-ConsumerIPLPlayesInfo\target\classes started by user in D:\eclipse-jee-2022-09\WorkSpace\SpringBootMSProject-12-MiniProject-ConsumerIPLPlayesInfo)
2023-05-17 07:25:08.978  INFO 24736 --- [restartedMain] iProjectConsumerIplPlayesInfoApplication : No active profile set, falling back to 1 default profile: "default"
2023-05-17 07:25:09.031  INFO 24736 --- [restartedMain] o.s.c.c.c.ConfigServerConfigDataLoader   : Fetching config from server at : http://localhost:8888
2023-05-17 07:25:09.032  INFO 24736 --- [restartedMain] o.s.c.c.c.ConfigServerConfigDataLoader   : Located environment: name=IPLPlayers-consumer, profiles=[default], label=null, version=99545e919a6f82998c5fdafbdfe758296615d2a3, state=null
2023-05-17 07:25:09.034  INFO 24736 --- [restartedMain] o.s.b.devtools.restart.ChangeableUrls    : The Class-Path manifest attribute in C:\Users\user\.m2\repository\com\oracle\database\jdbc\ojdbc8\21.5.0.0\ojdbc8-21.5.0.0.jar referenced one or more files that do not exist: file:/C:/Users/user/.m2/repository/com/oracle/database/jdbc/ojdbc8/21.5.0.0/oraclepki.jar
2023-05-17 07:25:09.035  INFO 24736 --- [restartedMain] .e.DevToolsPropertyDefaultsPostProcessor : Devtools property defaults active! Set 'spring.devtools.add-properties' to 'false' to disable
2023-05-17 07:25:09.035  INFO 24736 --- [restartedMain] .e.DevToolsPropertyDefaultsPostProcessor : For additional web related logging consider setting the 'logging.level.web' property to 'DEBUG'
2023-05-17 07:25:10.252  INFO 24736 --- [restartedMain] .s.d.r.c.RepositoryConfigurationDelegate : Bootstrapping Spring Data JPA repositories in DEFAULT mode.
2023-05-17 07:25:10.431  INFO 24736 --- [restartedMain] .s.d.r.c.RepositoryConfigurationDelegate : Finished Spring Data repository scanning in 168 ms. Found 1 JPA repository interfaces.
2023-05-17 07:25:10.727  INFO 24736 --- [restartedMain] o.s.cloud.context.scope.GenericScope     : BeanFactory id=2c40741f-d240-31bf-b7e5-258512e78f1c
2023-05-17 07:25:11.571  INFO 24736 --- [restartedMain] o.s.b.w.embedded.tomcat.TomcatWebServer  : Tomcat initialized with port(s): 8082 (http)
2023-05-17 07:25:11.583  INFO 24736 --- [restartedMain] o.apache.catalina.core.StandardService   : Starting service [Tomcat]
2023-05-17 07:25:11.583  INFO 24736 --- [restartedMain] org.apache.catalina.core.StandardEngine  : Starting Servlet engine: [Apache Tomcat/9.0.74]
2023-05-17 07:25:11.730  INFO 24736 --- [restartedMain] o.a.c.c.C.[Tomcat].[localhost].[/]       : Initializing Spring embedded WebApplicationContext
2023-05-17 07:25:11.731  INFO 24736 --- [restartedMain] w.s.c.ServletWebServerApplicationContext : Root WebApplicationContext: initialization completed in 2694 ms
2023-05-17 07:25:12.135  INFO 24736 --- [restartedMain] o.hibernate.jpa.internal.util.LogHelper  : HHH000204: Processing PersistenceUnitInfo [name: default]
2023-05-17 07:25:12.210  INFO 24736 --- [restartedMain] org.hibernate.Version                    : HHH000412: Hibernate ORM core version 5.6.15.Final
2023-05-17 07:25:12.385  INFO 24736 --- [restartedMain] o.hibernate.annotations.common.Version   : HCANN000001: Hibernate Commons Annotations {5.1.2.Final}
2023-05-17 07:25:12.524  INFO 24736 --- [restartedMain] com.zaxxer.hikari.HikariDataSource       : HikariPool-1 - Starting...
2023-05-17 07:25:12.540  WARN 24736 --- [restartedMain] com.zaxxer.hikari.util.DriverDataSource  : Registered driver with driverClassName=oracle.jdbc.driver.OracleDriver was not found, trying direct instantiation.
2023-05-17 07:25:12.988  INFO 24736 --- [restartedMain] com.zaxxer.hikari.HikariDataSource       : HikariPool-1 - Start completed.
2023-05-17 07:25:13.009  INFO 24736 --- [restartedMain] org.hibernate.dialect.Dialect            : HHH000400: Using dialect: org.hibernate.dialect.Oracle10gDialect
2023-05-17 07:25:14.231  INFO 24736 --- [restartedMain] o.h.e.t.j.p.i.JtaPlatformInitiator       : HHH000490: Using JtaPlatform implementation: [org.hibernate.engine.transaction.jta.platform.internal.NoJtaPlatform]
2023-05-17 07:25:14.241  INFO 24736 --- [restartedMain] j.LocalContainerEntityManagerFactoryBean : Initialized JPA EntityManagerFactory for persistence unit 'default'
2023-05-17 07:25:14.626  WARN 24736 --- [restartedMain] JpaBaseConfiguration$JpaWebConfiguration : spring.jpa.open-in-view is enabled by default. Therefore, database queries may be performed during view rendering. Explicitly configure spring.jpa.open-in-view to disable this warning
2023-05-17 07:25:14.680  WARN 24736 --- [restartedMain] o.s.b.d.a.OptionalLiveReloadServer       : Unable to start LiveReload server
2023-05-17 07:25:14.745  INFO 24736 --- [restartedMain] o.s.c.openfeign.FeignClientFactoryBean   : For 'IPLTeam-Service' URL not provided. Will try picking an instance via load-balancing.
2023-05-17 07:25:15.893  INFO 24736 --- [restartedMain] DiscoveryClientOptionalArgsConfiguration : Eureka HTTP Client uses RestTemplate.
2023-05-17 07:25:15.942  WARN 24736 --- [restartedMain] iguration$LoadBalancerCaffeineWarnLogger : Spring Cloud LoadBalancer is currently working with the default cache. While this cache implementation is useful for development and tests, it's recommended to use Caffeine cache in production.You can switch to using Caffeine cache, by adding it and org.springframework.cache.caffeine.CaffeineCacheManager to the classpath.
2023-05-17 07:25:15.953  INFO 24736 --- [restartedMain] o.s.b.a.e.web.EndpointLinksResolver      : Exposing 17 endpoint(s) beneath base path '/actuator'
2023-05-17 07:25:16.032  INFO 24736 --- [restartedMain] o.s.c.n.eureka.InstanceInfoFactory       : Setting initial instance status as: STARTING
2023-05-17 07:25:16.073  INFO 24736 --- [restartedMain] com.netflix.discovery.DiscoveryClient    : Initializing Eureka in region us-east-1
2023-05-17 07:25:16.078  INFO 24736 --- [restartedMain] c.n.d.s.r.aws.ConfigClusterResolver      : Resolving eureka endpoints via configuration
2023-05-17 07:25:16.106  INFO 24736 --- [restartedMain] com.netflix.discovery.DiscoveryClient    : Disable delta property : false
2023-05-17 07:25:16.107  INFO 24736 --- [restartedMain] com.netflix.discovery.DiscoveryClient    : Single vip registry refresh property : null
2023-05-17 07:25:16.107  INFO 24736 --- [restartedMain] com.netflix.discovery.DiscoveryClient    : Force full registry fetch : false
2023-05-17 07:25:16.107  INFO 24736 --- [restartedMain] com.netflix.discovery.DiscoveryClient    : Application is null : false
2023-05-17 07:25:16.107  INFO 24736 --- [restartedMain] com.netflix.discovery.DiscoveryClient    : Registered Applications size is zero : true
2023-05-17 07:25:16.107  INFO 24736 --- [restartedMain] com.netflix.discovery.DiscoveryClient    : Application version is -1: true
2023-05-17 07:25:16.107  INFO 24736 --- [restartedMain] com.netflix.discovery.DiscoveryClient    : Getting all instance registry info from the eureka server
2023-05-17 07:25:16.214  INFO 24736 --- [restartedMain] com.netflix.discovery.DiscoveryClient    : The response status is 200
2023-05-17 07:25:16.218  INFO 24736 --- [restartedMain] com.netflix.discovery.DiscoveryClient    : Starting heartbeat executor: renew interval is: 30
2023-05-17 07:25:16.221  INFO 24736 --- [restartedMain] c.n.discovery.InstanceInfoReplicator     : InstanceInfoReplicator onDemand update allowed rate per min is 4
2023-05-17 07:25:16.226  INFO 24736 --- [restartedMain] com.netflix.discovery.DiscoveryClient    : Discovery Client initialized at timestamp 1684288516225 with initial instances count: 2
2023-05-17 07:25:16.230  INFO 24736 --- [restartedMain] o.s.c.n.e.s.EurekaServiceRegistry        : Registering application IPLPLAYERS-CONSUMER with eureka with status UP
2023-05-17 07:25:16.231  INFO 24736 --- [restartedMain] com.netflix.discovery.DiscoveryClient    : Saw local status change event StatusChangeEvent [timestamp=1684288516231, current=UP, previous=STARTING]
2023-05-17 07:25:16.232  INFO 24736 --- [DiscoveryClient-InstanceInfoReplicator-0] com.netflix.discovery.DiscoveryClient    : DiscoveryClient_IPLPLAYERS-CONSUMER/IPLPlayers-consumer:121546c2b8fb68742a03bbca288d52bd: registering service...
2023-05-17 07:25:16.265  INFO 24736 --- [restartedMain] o.s.b.w.embedded.tomcat.TomcatWebServer  : Tomcat started on port(s): 8082 (http) with context path ''
2023-05-17 07:25:16.275  INFO 24736 --- [restartedMain] .s.c.n.e.s.EurekaAutoServiceRegistration : Updating port to 8082
2023-05-17 07:25:16.287  INFO 24736 --- [DiscoveryClient-InstanceInfoReplicator-0] com.netflix.discovery.DiscoveryClient    : DiscoveryClient_IPLPLAYERS-CONSUMER/IPLPlayers-consumer:121546c2b8fb68742a03bbca288d52bd - registration status: 204
2023-05-17 07:25:16.420  INFO 24736 --- [restartedMain] iProjectConsumerIplPlayesInfoApplication : Started SpringBootMsProject12MiniProjectConsumerIplPlayesInfoApplication in 12.548 seconds (JVM running for 14.245)
2023-05-17 07:25:16.448  INFO 24736 --- [registrationTask1] d.c.b.a.c.r.ApplicationRegistrator       : Application registered itself as b33e40638684
2023-05-17 07:25:16.504  INFO 24736 --- [http-nio-8082-exec-1] o.a.c.c.C.[Tomcat].[localhost].[/]       : Initializing Spring DispatcherServlet 'dispatcherServlet'
2023-05-17 07:25:16.504  INFO 24736 --- [http-nio-8082-exec-1] o.s.web.servlet.DispatcherServlet        : Initializing Servlet 'dispatcherServlet'
2023-05-17 07:25:16.506  INFO 24736 --- [http-nio-8082-exec-1] o.s.web.servlet.DispatcherServlet        : Completed initialization in 2 ms
2023-05-17 07:27:27.917  INFO 24736 --- [http-nio-8082-exec-1] c.n.r.IPLPlayerRequestController         : Entered in to consumer-restcontroller-getPlayerDetails
2023-05-17 07:27:27.918  INFO 24736 --- [http-nio-8082-exec-1] com.nt.service.IplayerInfoImpl           : Entered into consumer-service- getPlayerById()
2023-05-17 07:27:28.191  INFO 24736 --- [http-nio-8082-exec-1] com.nt.service.IplayerInfoImpl           : call the find by id method in service class of consumer
2023-05-17 07:27:38.139  INFO 24736 --- [http-nio-8082-exec-2] c.n.r.IPLPlayerRequestController         : Entered in to consumer-restcontroller-getPlayerDetails
2023-05-17 07:27:38.139  INFO 24736 --- [http-nio-8082-exec-2] com.nt.service.IplayerInfoImpl           : Entered into consumer-service- getPlayerById()
2023-05-17 07:27:38.147  INFO 24736 --- [http-nio-8082-exec-2] com.nt.service.IplayerInfoImpl           : call the find by id method in service class of consumer
2023-05-17 07:29:27.879  INFO 24736 --- [File Watcher] rtingClassPathChangeChangedEventListener : Restarting due to 1 class path change (0 additions, 0 deletions, 1 modification)
2023-05-17 07:29:27.881  INFO 24736 --- [Thread-1] o.s.c.n.e.s.EurekaServiceRegistry        : Unregistering application IPLPLAYERS-CONSUMER with eureka with status DOWN
2023-05-17 07:29:27.881  INFO 24736 --- [Thread-1] com.netflix.discovery.DiscoveryClient    : Saw local status change event StatusChangeEvent [timestamp=1684288767881, current=DOWN, previous=UP]
2023-05-17 07:29:27.883  INFO 24736 --- [DiscoveryClient-InstanceInfoReplicator-0] com.netflix.discovery.DiscoveryClient    : DiscoveryClient_IPLPLAYERS-CONSUMER/IPLPlayers-consumer:121546c2b8fb68742a03bbca288d52bd: registering service...
2023-05-17 07:29:27.889  INFO 24736 --- [DiscoveryClient-InstanceInfoReplicator-0] com.netflix.discovery.DiscoveryClient    : DiscoveryClient_IPLPLAYERS-CONSUMER/IPLPlayers-consumer:121546c2b8fb68742a03bbca288d52bd - registration status: 204
2023-05-17 07:29:27.903  INFO 24736 --- [Thread-1] o.apache.catalina.core.StandardService   : Stopping service [Tomcat]
2023-05-17 07:29:27.905  INFO 24736 --- [Thread-1] o.a.c.c.C.[Tomcat].[localhost].[/]       : Destroying Spring FrameworkServlet 'dispatcherServlet'
2023-05-17 07:29:27.925  WARN 24736 --- [Thread-1] s.c.a.AnnotationConfigApplicationContext : Exception thrown from ApplicationListener handling ContextClosedEvent

org.springframework.beans.factory.BeanCreationNotAllowedException: Error creating bean with name 'registrationListener': Singleton bean creation not allowed while singletons of this factory are in destruction (Do not request a bean from a BeanFactory in a destroy method implementation!)
	at org.springframework.beans.factory.support.DefaultSingletonBeanRegistry.getSingleton(DefaultSingletonBeanRegistry.java:220) ~[spring-beans-5.3.27.jar:5.3.27]
	at org.springframework.beans.factory.support.AbstractBeanFactory.doGetBean(AbstractBeanFactory.java:333) ~[spring-beans-5.3.27.jar:5.3.27]
	at org.springframework.beans.factory.support.AbstractBeanFactory.getBean(AbstractBeanFactory.java:208) ~[spring-beans-5.3.27.jar:5.3.27]
	at org.springframework.context.support.AbstractApplicationContext.getBean(AbstractApplicationContext.java:1156) ~[spring-context-5.3.27.jar:5.3.27]
	at org.springframework.context.event.ApplicationListenerMethodAdapter.getTargetBean(ApplicationListenerMethodAdapter.java:371) ~[spring-context-5.3.27.jar:5.3.27]
	at org.springframework.context.event.ApplicationListenerMethodAdapter.doInvoke(ApplicationListenerMethodAdapter.java:336) ~[spring-context-5.3.27.jar:5.3.27]
	at org.springframework.context.event.ApplicationListenerMethodAdapter.processEvent(ApplicationListenerMethodAdapter.java:229) ~[spring-context-5.3.27.jar:5.3.27]
	at org.springframework.context.event.ApplicationListenerMethodAdapter.onApplicationEvent(ApplicationListenerMethodAdapter.java:166) ~[spring-context-5.3.27.jar:5.3.27]
	at org.springframework.context.event.SimpleApplicationEventMulticaster.doInvokeListener(SimpleApplicationEventMulticaster.java:176) ~[spring-context-5.3.27.jar:5.3.27]
	at org.springframework.context.event.SimpleApplicationEventMulticaster.invokeListener(SimpleApplicationEventMulticaster.java:169) ~[spring-context-5.3.27.jar:5.3.27]
	at org.springframework.context.event.SimpleApplicationEventMulticaster.multicastEvent(SimpleApplicationEventMulticaster.java:143) ~[spring-context-5.3.27.jar:5.3.27]
	at org.springframework.context.support.AbstractApplicationContext.publishEvent(AbstractApplicationContext.java:421) ~[spring-context-5.3.27.jar:5.3.27]
	at org.springframework.context.support.AbstractApplicationContext.publishEvent(AbstractApplicationContext.java:427) ~[spring-context-5.3.27.jar:5.3.27]
	at org.springframework.context.support.AbstractApplicationContext.publishEvent(AbstractApplicationContext.java:378) ~[spring-context-5.3.27.jar:5.3.27]
	at org.springframework.context.support.AbstractApplicationContext.doClose(AbstractApplicationContext.java:1060) ~[spring-context-5.3.27.jar:5.3.27]
	at org.springframework.context.support.AbstractApplicationContext.close(AbstractApplicationContext.java:1023) ~[spring-context-5.3.27.jar:5.3.27]
	at org.springframework.cloud.context.named.NamedContextFactory.destroy(NamedContextFactory.java:99) ~[spring-cloud-context-3.1.6.jar:3.1.6]
	at org.springframework.beans.factory.support.DisposableBeanAdapter.destroy(DisposableBeanAdapter.java:213) ~[spring-beans-5.3.27.jar:5.3.27]
	at org.springframework.beans.factory.support.DefaultSingletonBeanRegistry.destroyBean(DefaultSingletonBeanRegistry.java:587) ~[spring-beans-5.3.27.jar:5.3.27]
	at org.springframework.beans.factory.support.DefaultSingletonBeanRegistry.destroySingleton(DefaultSingletonBeanRegistry.java:559) ~[spring-beans-5.3.27.jar:5.3.27]
	at org.springframework.beans.factory.support.DefaultListableBeanFactory.destroySingleton(DefaultListableBeanFactory.java:1163) ~[spring-beans-5.3.27.jar:5.3.27]
	at org.springframework.beans.factory.support.DefaultSingletonBeanRegistry.destroySingletons(DefaultSingletonBeanRegistry.java:520) ~[spring-beans-5.3.27.jar:5.3.27]
	at org.springframework.beans.factory.support.DefaultListableBeanFactory.destroySingletons(DefaultListableBeanFactory.java:1156) ~[spring-beans-5.3.27.jar:5.3.27]
	at org.springframework.context.support.AbstractApplicationContext.destroyBeans(AbstractApplicationContext.java:1108) ~[spring-context-5.3.27.jar:5.3.27]
	at org.springframework.context.support.AbstractApplicationContext.doClose(AbstractApplicationContext.java:1077) ~[spring-context-5.3.27.jar:5.3.27]
	at org.springframework.boot.web.servlet.context.ServletWebServerApplicationContext.doClose(ServletWebServerApplicationContext.java:174) ~[spring-boot-2.7.11.jar:2.7.11]
	at org.springframework.context.support.AbstractApplicationContext.close(AbstractApplicationContext.java:1023) ~[spring-context-5.3.27.jar:5.3.27]
	at org.springframework.boot.devtools.restart.Restarter.stop(Restarter.java:309) ~[spring-boot-devtools-2.7.11.jar:2.7.11]
	at org.springframework.boot.devtools.restart.Restarter.lambda$restart$1(Restarter.java:251) ~[spring-boot-devtools-2.7.11.jar:2.7.11]
	at org.springframework.boot.devtools.restart.Restarter$LeakSafeThread.run(Restarter.java:629) ~[spring-boot-devtools-2.7.11.jar:2.7.11]

2023-05-17 07:29:27.927  INFO 24736 --- [Thread-1] j.LocalContainerEntityManagerFactoryBean : Closing JPA EntityManagerFactory for persistence unit 'default'
2023-05-17 07:29:27.934  INFO 24736 --- [Thread-1] com.zaxxer.hikari.HikariDataSource       : HikariPool-1 - Shutdown initiated...
2023-05-17 07:29:27.949  INFO 24736 --- [Thread-1] com.zaxxer.hikari.HikariDataSource       : HikariPool-1 - Shutdown completed.
2023-05-17 07:29:27.950  INFO 24736 --- [Thread-1] com.netflix.discovery.DiscoveryClient    : Shutting down DiscoveryClient ...
2023-05-17 07:29:30.954  INFO 24736 --- [Thread-1] com.netflix.discovery.DiscoveryClient    : Unregistering ...
2023-05-17 07:29:30.962  INFO 24736 --- [Thread-1] com.netflix.discovery.DiscoveryClient    : DiscoveryClient_IPLPLAYERS-CONSUMER/IPLPlayers-consumer:121546c2b8fb68742a03bbca288d52bd - deregister  status: 200
2023-05-17 07:29:30.967  INFO 24736 --- [Thread-1] com.netflix.discovery.DiscoveryClient    : Completed shut down of DiscoveryClient
2023-05-17 07:29:33.220  INFO 24736 --- [restartedMain] iProjectConsumerIplPlayesInfoApplication : Starting SpringBootMsProject12MiniProjectConsumerIplPlayesInfoApplication using Java 17.0.4.1 on TapasRout with PID 24736 (D:\eclipse-jee-2022-09\WorkSpace\SpringBootMSProject-12-MiniProject-ConsumerIPLPlayesInfo\target\classes started by user in D:\eclipse-jee-2022-09\WorkSpace\SpringBootMSProject-12-MiniProject-ConsumerIPLPlayesInfo)
2023-05-17 07:29:33.221  INFO 24736 --- [restartedMain] iProjectConsumerIplPlayesInfoApplication : No active profile set, falling back to 1 default profile: "default"
2023-05-17 07:29:33.224  INFO 24736 --- [restartedMain] o.s.c.c.c.ConfigServerConfigDataLoader   : Fetching config from server at : http://localhost:8888
2023-05-17 07:29:33.224  INFO 24736 --- [restartedMain] o.s.c.c.c.ConfigServerConfigDataLoader   : Located environment: name=IPLPlayers-consumer, profiles=[default], label=null, version=99545e919a6f82998c5fdafbdfe758296615d2a3, state=null
2023-05-17 07:29:33.716  INFO 24736 --- [restartedMain] .s.d.r.c.RepositoryConfigurationDelegate : Bootstrapping Spring Data JPA repositories in DEFAULT mode.
2023-05-17 07:29:33.724  INFO 24736 --- [restartedMain] .s.d.r.c.RepositoryConfigurationDelegate : Finished Spring Data repository scanning in 7 ms. Found 1 JPA repository interfaces.
2023-05-17 07:29:33.806  INFO 24736 --- [restartedMain] o.s.cloud.context.scope.GenericScope     : BeanFactory id=2c40741f-d240-31bf-b7e5-258512e78f1c
2023-05-17 07:29:33.879  INFO 24736 --- [restartedMain] o.s.b.w.embedded.tomcat.TomcatWebServer  : Tomcat initialized with port(s): 8082 (http)
2023-05-17 07:29:33.879  INFO 24736 --- [restartedMain] o.apache.catalina.core.StandardService   : Starting service [Tomcat]
2023-05-17 07:29:33.880  INFO 24736 --- [restartedMain] org.apache.catalina.core.StandardEngine  : Starting Servlet engine: [Apache Tomcat/9.0.74]
2023-05-17 07:29:33.914  INFO 24736 --- [restartedMain] o.a.c.c.C.[Tomcat].[localhost].[/]       : Initializing Spring embedded WebApplicationContext
2023-05-17 07:29:33.914  INFO 24736 --- [restartedMain] w.s.c.ServletWebServerApplicationContext : Root WebApplicationContext: initialization completed in 690 ms
2023-05-17 07:29:33.988  INFO 24736 --- [restartedMain] o.hibernate.jpa.internal.util.LogHelper  : HHH000204: Processing PersistenceUnitInfo [name: default]
2023-05-17 07:29:33.993  INFO 24736 --- [restartedMain] com.zaxxer.hikari.HikariDataSource       : HikariPool-2 - Starting...
2023-05-17 07:29:33.994  WARN 24736 --- [restartedMain] com.zaxxer.hikari.util.DriverDataSource  : Registered driver with driverClassName=oracle.jdbc.driver.OracleDriver was not found, trying direct instantiation.
2023-05-17 07:29:34.063  INFO 24736 --- [restartedMain] com.zaxxer.hikari.HikariDataSource       : HikariPool-2 - Start completed.
2023-05-17 07:29:34.064  INFO 24736 --- [restartedMain] org.hibernate.dialect.Dialect            : HHH000400: Using dialect: org.hibernate.dialect.Oracle10gDialect
2023-05-17 07:29:34.238  INFO 24736 --- [restartedMain] o.h.e.t.j.p.i.JtaPlatformInitiator       : HHH000490: Using JtaPlatform implementation: [org.hibernate.engine.transaction.jta.platform.internal.NoJtaPlatform]
2023-05-17 07:29:34.239  INFO 24736 --- [restartedMain] j.LocalContainerEntityManagerFactoryBean : Initialized JPA EntityManagerFactory for persistence unit 'default'
2023-05-17 07:29:34.332  WARN 24736 --- [restartedMain] JpaBaseConfiguration$JpaWebConfiguration : spring.jpa.open-in-view is enabled by default. Therefore, database queries may be performed during view rendering. Explicitly configure spring.jpa.open-in-view to disable this warning
2023-05-17 07:29:34.351  WARN 24736 --- [restartedMain] o.s.b.d.a.OptionalLiveReloadServer       : Unable to start LiveReload server
2023-05-17 07:29:34.370  INFO 24736 --- [restartedMain] o.s.c.openfeign.FeignClientFactoryBean   : For 'IPLTeam-Service' URL not provided. Will try picking an instance via load-balancing.
2023-05-17 07:29:34.886  INFO 24736 --- [restartedMain] DiscoveryClientOptionalArgsConfiguration : Eureka HTTP Client uses RestTemplate.
2023-05-17 07:29:34.906  WARN 24736 --- [restartedMain] iguration$LoadBalancerCaffeineWarnLogger : Spring Cloud LoadBalancer is currently working with the default cache. While this cache implementation is useful for development and tests, it's recommended to use Caffeine cache in production.You can switch to using Caffeine cache, by adding it and org.springframework.cache.caffeine.CaffeineCacheManager to the classpath.
2023-05-17 07:29:34.914  INFO 24736 --- [restartedMain] o.s.b.a.e.web.EndpointLinksResolver      : Exposing 17 endpoint(s) beneath base path '/actuator'
2023-05-17 07:29:34.958  INFO 24736 --- [restartedMain] o.s.c.n.eureka.InstanceInfoFactory       : Setting initial instance status as: STARTING
2023-05-17 07:29:34.963  INFO 24736 --- [restartedMain] com.netflix.discovery.DiscoveryClient    : Initializing Eureka in region us-east-1
2023-05-17 07:29:34.963  INFO 24736 --- [restartedMain] c.n.d.s.r.aws.ConfigClusterResolver      : Resolving eureka endpoints via configuration
2023-05-17 07:29:34.974  INFO 24736 --- [restartedMain] com.netflix.discovery.DiscoveryClient    : Disable delta property : false
2023-05-17 07:29:34.974  INFO 24736 --- [restartedMain] com.netflix.discovery.DiscoveryClient    : Single vip registry refresh property : null
2023-05-17 07:29:34.974  INFO 24736 --- [restartedMain] com.netflix.discovery.DiscoveryClient    : Force full registry fetch : false
2023-05-17 07:29:34.975  INFO 24736 --- [restartedMain] com.netflix.discovery.DiscoveryClient    : Application is null : false
2023-05-17 07:29:34.975  INFO 24736 --- [restartedMain] com.netflix.discovery.DiscoveryClient    : Registered Applications size is zero : true
2023-05-17 07:29:34.975  INFO 24736 --- [restartedMain] com.netflix.discovery.DiscoveryClient    : Application version is -1: true
2023-05-17 07:29:34.975  INFO 24736 --- [restartedMain] com.netflix.discovery.DiscoveryClient    : Getting all instance registry info from the eureka server
2023-05-17 07:29:34.999  INFO 24736 --- [restartedMain] com.netflix.discovery.DiscoveryClient    : The response status is 200
2023-05-17 07:29:35.000  INFO 24736 --- [restartedMain] com.netflix.discovery.DiscoveryClient    : Starting heartbeat executor: renew interval is: 30
2023-05-17 07:29:35.001  INFO 24736 --- [restartedMain] c.n.discovery.InstanceInfoReplicator     : InstanceInfoReplicator onDemand update allowed rate per min is 4
2023-05-17 07:29:35.003  INFO 24736 --- [restartedMain] com.netflix.discovery.DiscoveryClient    : Discovery Client initialized at timestamp 1684288775003 with initial instances count: 3
2023-05-17 07:29:35.004  INFO 24736 --- [restartedMain] o.s.c.n.e.s.EurekaServiceRegistry        : Registering application IPLPLAYERS-CONSUMER with eureka with status UP
2023-05-17 07:29:35.004  INFO 24736 --- [restartedMain] com.netflix.discovery.DiscoveryClient    : Saw local status change event StatusChangeEvent [timestamp=1684288775004, current=UP, previous=STARTING]
2023-05-17 07:29:35.005  INFO 24736 --- [DiscoveryClient-InstanceInfoReplicator-0] com.netflix.discovery.DiscoveryClient    : DiscoveryClient_IPLPLAYERS-CONSUMER/IPLPlayers-consumer:36bda1b96091b931e9a7a544f61e84ea: registering service...
2023-05-17 07:29:35.012  INFO 24736 --- [restartedMain] o.s.b.w.embedded.tomcat.TomcatWebServer  : Tomcat started on port(s): 8082 (http) with context path ''
2023-05-17 07:29:35.013  INFO 24736 --- [restartedMain] .s.c.n.e.s.EurekaAutoServiceRegistration : Updating port to 8082
2023-05-17 07:29:35.018  INFO 24736 --- [DiscoveryClient-InstanceInfoReplicator-0] com.netflix.discovery.DiscoveryClient    : DiscoveryClient_IPLPLAYERS-CONSUMER/IPLPlayers-consumer:36bda1b96091b931e9a7a544f61e84ea - registration status: 204
2023-05-17 07:29:35.182  INFO 24736 --- [restartedMain] iProjectConsumerIplPlayesInfoApplication : Started SpringBootMsProject12MiniProjectConsumerIplPlayesInfoApplication in 4.15 seconds (JVM running for 273.007)
2023-05-17 07:29:35.187  INFO 24736 --- [restartedMain] .ConditionEvaluationDeltaLoggingListener : Condition evaluation unchanged
2023-05-17 07:29:35.197  INFO 24736 --- [registrationTask1] d.c.b.a.c.r.ApplicationRegistrator       : Application registered itself as b33e40638684
2023-05-17 07:29:35.199  INFO 24736 --- [http-nio-8082-exec-1] o.a.c.c.C.[Tomcat].[localhost].[/]       : Initializing Spring DispatcherServlet 'dispatcherServlet'
2023-05-17 07:29:35.200  INFO 24736 --- [http-nio-8082-exec-1] o.s.web.servlet.DispatcherServlet        : Initializing Servlet 'dispatcherServlet'
2023-05-17 07:29:35.201  INFO 24736 --- [http-nio-8082-exec-1] o.s.web.servlet.DispatcherServlet        : Completed initialization in 1 ms
2023-05-17 07:29:40.804  INFO 24736 --- [http-nio-8082-exec-4] c.n.r.IPLPlayerRequestController         : Entered in to consumer-restcontroller-getPlayerDetails
2023-05-17 07:29:40.804  INFO 24736 --- [http-nio-8082-exec-4] com.nt.service.IplayerInfoImpl           : Entered into consumer-service- getPlayerById()
2023-05-17 07:29:40.810  INFO 24736 --- [http-nio-8082-exec-4] com.nt.service.IplayerInfoImpl           : call the find by id method in service class of consumer
2023-05-17 07:29:44.097  INFO 24736 --- [http-nio-8082-exec-5] c.n.r.IPLPlayerRequestController         : Entered in to consumer-restcontroller-getPlayerDetails
2023-05-17 07:29:44.097  INFO 24736 --- [http-nio-8082-exec-5] com.nt.service.IplayerInfoImpl           : Entered into consumer-service- getPlayerById()
2023-05-17 07:29:44.100  INFO 24736 --- [http-nio-8082-exec-5] com.nt.service.IplayerInfoImpl           : call the find by id method in service class of consumer
2023-05-17 07:34:05.858  INFO 24736 --- [File Watcher] rtingClassPathChangeChangedEventListener : Restarting due to 1 class path change (0 additions, 0 deletions, 1 modification)
2023-05-17 07:34:05.859  INFO 24736 --- [Thread-25] o.s.c.n.e.s.EurekaServiceRegistry        : Unregistering application IPLPLAYERS-CONSUMER with eureka with status DOWN
2023-05-17 07:34:05.860  INFO 24736 --- [Thread-25] com.netflix.discovery.DiscoveryClient    : Saw local status change event StatusChangeEvent [timestamp=1684289045860, current=DOWN, previous=UP]
2023-05-17 07:34:05.860  INFO 24736 --- [DiscoveryClient-InstanceInfoReplicator-0] com.netflix.discovery.DiscoveryClient    : DiscoveryClient_IPLPLAYERS-CONSUMER/IPLPlayers-consumer:36bda1b96091b931e9a7a544f61e84ea: registering service...
2023-05-17 07:34:05.864  INFO 24736 --- [DiscoveryClient-InstanceInfoReplicator-0] com.netflix.discovery.DiscoveryClient    : DiscoveryClient_IPLPLAYERS-CONSUMER/IPLPlayers-consumer:36bda1b96091b931e9a7a544f61e84ea - registration status: 204
2023-05-17 07:34:05.879  INFO 24736 --- [Thread-25] o.apache.catalina.core.StandardService   : Stopping service [Tomcat]
2023-05-17 07:34:05.879  INFO 24736 --- [Thread-25] o.a.c.c.C.[Tomcat].[localhost].[/]       : Destroying Spring FrameworkServlet 'dispatcherServlet'
2023-05-17 07:34:05.887  WARN 24736 --- [Thread-25] s.c.a.AnnotationConfigApplicationContext : Exception thrown from ApplicationListener handling ContextClosedEvent

org.springframework.beans.factory.BeanCreationNotAllowedException: Error creating bean with name 'registrationListener': Singleton bean creation not allowed while singletons of this factory are in destruction (Do not request a bean from a BeanFactory in a destroy method implementation!)
	at org.springframework.beans.factory.support.DefaultSingletonBeanRegistry.getSingleton(DefaultSingletonBeanRegistry.java:220) ~[spring-beans-5.3.27.jar:5.3.27]
	at org.springframework.beans.factory.support.AbstractBeanFactory.doGetBean(AbstractBeanFactory.java:333) ~[spring-beans-5.3.27.jar:5.3.27]
	at org.springframework.beans.factory.support.AbstractBeanFactory.getBean(AbstractBeanFactory.java:208) ~[spring-beans-5.3.27.jar:5.3.27]
	at org.springframework.context.support.AbstractApplicationContext.getBean(AbstractApplicationContext.java:1156) ~[spring-context-5.3.27.jar:5.3.27]
	at org.springframework.context.event.ApplicationListenerMethodAdapter.getTargetBean(ApplicationListenerMethodAdapter.java:371) ~[spring-context-5.3.27.jar:5.3.27]
	at org.springframework.context.event.ApplicationListenerMethodAdapter.doInvoke(ApplicationListenerMethodAdapter.java:336) ~[spring-context-5.3.27.jar:5.3.27]
	at org.springframework.context.event.ApplicationListenerMethodAdapter.processEvent(ApplicationListenerMethodAdapter.java:229) ~[spring-context-5.3.27.jar:5.3.27]
	at org.springframework.context.event.ApplicationListenerMethodAdapter.onApplicationEvent(ApplicationListenerMethodAdapter.java:166) ~[spring-context-5.3.27.jar:5.3.27]
	at org.springframework.context.event.SimpleApplicationEventMulticaster.doInvokeListener(SimpleApplicationEventMulticaster.java:176) ~[spring-context-5.3.27.jar:5.3.27]
	at org.springframework.context.event.SimpleApplicationEventMulticaster.invokeListener(SimpleApplicationEventMulticaster.java:169) ~[spring-context-5.3.27.jar:5.3.27]
	at org.springframework.context.event.SimpleApplicationEventMulticaster.multicastEvent(SimpleApplicationEventMulticaster.java:143) ~[spring-context-5.3.27.jar:5.3.27]
	at org.springframework.context.support.AbstractApplicationContext.publishEvent(AbstractApplicationContext.java:421) ~[spring-context-5.3.27.jar:5.3.27]
	at org.springframework.context.support.AbstractApplicationContext.publishEvent(AbstractApplicationContext.java:427) ~[spring-context-5.3.27.jar:5.3.27]
	at org.springframework.context.support.AbstractApplicationContext.publishEvent(AbstractApplicationContext.java:378) ~[spring-context-5.3.27.jar:5.3.27]
	at org.springframework.context.support.AbstractApplicationContext.doClose(AbstractApplicationContext.java:1060) ~[spring-context-5.3.27.jar:5.3.27]
	at org.springframework.context.support.AbstractApplicationContext.close(AbstractApplicationContext.java:1023) ~[spring-context-5.3.27.jar:5.3.27]
	at org.springframework.cloud.context.named.NamedContextFactory.destroy(NamedContextFactory.java:99) ~[spring-cloud-context-3.1.6.jar:3.1.6]
	at org.springframework.beans.factory.support.DisposableBeanAdapter.destroy(DisposableBeanAdapter.java:213) ~[spring-beans-5.3.27.jar:5.3.27]
	at org.springframework.beans.factory.support.DefaultSingletonBeanRegistry.destroyBean(DefaultSingletonBeanRegistry.java:587) ~[spring-beans-5.3.27.jar:5.3.27]
	at org.springframework.beans.factory.support.DefaultSingletonBeanRegistry.destroySingleton(DefaultSingletonBeanRegistry.java:559) ~[spring-beans-5.3.27.jar:5.3.27]
	at org.springframework.beans.factory.support.DefaultListableBeanFactory.destroySingleton(DefaultListableBeanFactory.java:1163) ~[spring-beans-5.3.27.jar:5.3.27]
	at org.springframework.beans.factory.support.DefaultSingletonBeanRegistry.destroySingletons(DefaultSingletonBeanRegistry.java:520) ~[spring-beans-5.3.27.jar:5.3.27]
	at org.springframework.beans.factory.support.DefaultListableBeanFactory.destroySingletons(DefaultListableBeanFactory.java:1156) ~[spring-beans-5.3.27.jar:5.3.27]
	at org.springframework.context.support.AbstractApplicationContext.destroyBeans(AbstractApplicationContext.java:1108) ~[spring-context-5.3.27.jar:5.3.27]
	at org.springframework.context.support.AbstractApplicationContext.doClose(AbstractApplicationContext.java:1077) ~[spring-context-5.3.27.jar:5.3.27]
	at org.springframework.boot.web.servlet.context.ServletWebServerApplicationContext.doClose(ServletWebServerApplicationContext.java:174) ~[spring-boot-2.7.11.jar:2.7.11]
	at org.springframework.context.support.AbstractApplicationContext.close(AbstractApplicationContext.java:1023) ~[spring-context-5.3.27.jar:5.3.27]
	at org.springframework.boot.devtools.restart.Restarter.stop(Restarter.java:309) ~[spring-boot-devtools-2.7.11.jar:2.7.11]
	at org.springframework.boot.devtools.restart.Restarter.lambda$restart$1(Restarter.java:251) ~[spring-boot-devtools-2.7.11.jar:2.7.11]
	at org.springframework.boot.devtools.restart.Restarter$LeakSafeThread.run(Restarter.java:629) ~[spring-boot-devtools-2.7.11.jar:2.7.11]

2023-05-17 07:34:05.887  INFO 24736 --- [Thread-25] j.LocalContainerEntityManagerFactoryBean : Closing JPA EntityManagerFactory for persistence unit 'default'
2023-05-17 07:34:05.889  INFO 24736 --- [Thread-25] com.zaxxer.hikari.HikariDataSource       : HikariPool-2 - Shutdown initiated...
2023-05-17 07:34:05.904  INFO 24736 --- [Thread-25] com.zaxxer.hikari.HikariDataSource       : HikariPool-2 - Shutdown completed.
2023-05-17 07:34:05.905  INFO 24736 --- [Thread-25] com.netflix.discovery.DiscoveryClient    : Shutting down DiscoveryClient ...
2023-05-17 07:34:08.921  INFO 24736 --- [Thread-25] com.netflix.discovery.DiscoveryClient    : Unregistering ...
2023-05-17 07:34:08.928  INFO 24736 --- [Thread-25] com.netflix.discovery.DiscoveryClient    : DiscoveryClient_IPLPLAYERS-CONSUMER/IPLPlayers-consumer:36bda1b96091b931e9a7a544f61e84ea - deregister  status: 200
2023-05-17 07:34:08.942  INFO 24736 --- [Thread-25] com.netflix.discovery.DiscoveryClient    : Completed shut down of DiscoveryClient
2023-05-17 07:34:11.305  INFO 24736 --- [restartedMain] iProjectConsumerIplPlayesInfoApplication : Starting SpringBootMsProject12MiniProjectConsumerIplPlayesInfoApplication using Java 17.0.4.1 on TapasRout with PID 24736 (D:\eclipse-jee-2022-09\WorkSpace\SpringBootMSProject-12-MiniProject-ConsumerIPLPlayesInfo\target\classes started by user in D:\eclipse-jee-2022-09\WorkSpace\SpringBootMSProject-12-MiniProject-ConsumerIPLPlayesInfo)
2023-05-17 07:34:11.306  INFO 24736 --- [restartedMain] iProjectConsumerIplPlayesInfoApplication : No active profile set, falling back to 1 default profile: "default"
2023-05-17 07:34:11.311  INFO 24736 --- [restartedMain] o.s.c.c.c.ConfigServerConfigDataLoader   : Fetching config from server at : http://localhost:8888
2023-05-17 07:34:11.312  INFO 24736 --- [restartedMain] o.s.c.c.c.ConfigServerConfigDataLoader   : Located environment: name=IPLPlayers-consumer, profiles=[default], label=null, version=99545e919a6f82998c5fdafbdfe758296615d2a3, state=null
2023-05-17 07:34:11.667  INFO 24736 --- [restartedMain] .s.d.r.c.RepositoryConfigurationDelegate : Bootstrapping Spring Data JPA repositories in DEFAULT mode.
2023-05-17 07:34:11.674  INFO 24736 --- [restartedMain] .s.d.r.c.RepositoryConfigurationDelegate : Finished Spring Data repository scanning in 6 ms. Found 1 JPA repository interfaces.
2023-05-17 07:34:11.741  INFO 24736 --- [restartedMain] o.s.cloud.context.scope.GenericScope     : BeanFactory id=2c40741f-d240-31bf-b7e5-258512e78f1c
2023-05-17 07:34:11.809  INFO 24736 --- [restartedMain] o.s.b.w.embedded.tomcat.TomcatWebServer  : Tomcat initialized with port(s): 8082 (http)
2023-05-17 07:34:11.810  INFO 24736 --- [restartedMain] o.apache.catalina.core.StandardService   : Starting service [Tomcat]
2023-05-17 07:34:11.810  INFO 24736 --- [restartedMain] org.apache.catalina.core.StandardEngine  : Starting Servlet engine: [Apache Tomcat/9.0.74]
2023-05-17 07:34:11.875  INFO 24736 --- [restartedMain] o.a.c.c.C.[Tomcat].[localhost].[/]       : Initializing Spring embedded WebApplicationContext
2023-05-17 07:34:11.875  INFO 24736 --- [restartedMain] w.s.c.ServletWebServerApplicationContext : Root WebApplicationContext: initialization completed in 563 ms
2023-05-17 07:34:11.958  INFO 24736 --- [restartedMain] o.hibernate.jpa.internal.util.LogHelper  : HHH000204: Processing PersistenceUnitInfo [name: default]
2023-05-17 07:34:11.963  INFO 24736 --- [restartedMain] com.zaxxer.hikari.HikariDataSource       : HikariPool-3 - Starting...
2023-05-17 07:34:11.964  WARN 24736 --- [restartedMain] com.zaxxer.hikari.util.DriverDataSource  : Registered driver with driverClassName=oracle.jdbc.driver.OracleDriver was not found, trying direct instantiation.
2023-05-17 07:34:12.064  INFO 24736 --- [restartedMain] com.zaxxer.hikari.HikariDataSource       : HikariPool-3 - Start completed.
2023-05-17 07:34:12.065  INFO 24736 --- [restartedMain] org.hibernate.dialect.Dialect            : HHH000400: Using dialect: org.hibernate.dialect.Oracle10gDialect
2023-05-17 07:34:12.234  INFO 24736 --- [restartedMain] o.h.e.t.j.p.i.JtaPlatformInitiator       : HHH000490: Using JtaPlatform implementation: [org.hibernate.engine.transaction.jta.platform.internal.NoJtaPlatform]
2023-05-17 07:34:12.234  INFO 24736 --- [restartedMain] j.LocalContainerEntityManagerFactoryBean : Initialized JPA EntityManagerFactory for persistence unit 'default'
2023-05-17 07:34:12.326  WARN 24736 --- [restartedMain] JpaBaseConfiguration$JpaWebConfiguration : spring.jpa.open-in-view is enabled by default. Therefore, database queries may be performed during view rendering. Explicitly configure spring.jpa.open-in-view to disable this warning
2023-05-17 07:34:12.351  WARN 24736 --- [restartedMain] o.s.b.d.a.OptionalLiveReloadServer       : Unable to start LiveReload server
2023-05-17 07:34:12.369  INFO 24736 --- [restartedMain] o.s.c.openfeign.FeignClientFactoryBean   : For 'IPLTeam-Service' URL not provided. Will try picking an instance via load-balancing.
2023-05-17 07:34:12.879  INFO 24736 --- [restartedMain] DiscoveryClientOptionalArgsConfiguration : Eureka HTTP Client uses RestTemplate.
2023-05-17 07:34:12.906  WARN 24736 --- [restartedMain] iguration$LoadBalancerCaffeineWarnLogger : Spring Cloud LoadBalancer is currently working with the default cache. While this cache implementation is useful for development and tests, it's recommended to use Caffeine cache in production.You can switch to using Caffeine cache, by adding it and org.springframework.cache.caffeine.CaffeineCacheManager to the classpath.
2023-05-17 07:34:12.915  INFO 24736 --- [restartedMain] o.s.b.a.e.web.EndpointLinksResolver      : Exposing 17 endpoint(s) beneath base path '/actuator'
2023-05-17 07:34:12.948  INFO 24736 --- [restartedMain] o.s.c.n.eureka.InstanceInfoFactory       : Setting initial instance status as: STARTING
2023-05-17 07:34:12.950  INFO 24736 --- [restartedMain] com.netflix.discovery.DiscoveryClient    : Initializing Eureka in region us-east-1
2023-05-17 07:34:12.950  INFO 24736 --- [restartedMain] c.n.d.s.r.aws.ConfigClusterResolver      : Resolving eureka endpoints via configuration
2023-05-17 07:34:12.951  INFO 24736 --- [restartedMain] com.netflix.discovery.DiscoveryClient    : Disable delta property : false
2023-05-17 07:34:12.952  INFO 24736 --- [restartedMain] com.netflix.discovery.DiscoveryClient    : Single vip registry refresh property : null
2023-05-17 07:34:12.952  INFO 24736 --- [restartedMain] com.netflix.discovery.DiscoveryClient    : Force full registry fetch : false
2023-05-17 07:34:12.952  INFO 24736 --- [restartedMain] com.netflix.discovery.DiscoveryClient    : Application is null : false
2023-05-17 07:34:12.952  INFO 24736 --- [restartedMain] com.netflix.discovery.DiscoveryClient    : Registered Applications size is zero : true
2023-05-17 07:34:12.952  INFO 24736 --- [restartedMain] com.netflix.discovery.DiscoveryClient    : Application version is -1: true
2023-05-17 07:34:12.952  INFO 24736 --- [restartedMain] com.netflix.discovery.DiscoveryClient    : Getting all instance registry info from the eureka server
2023-05-17 07:34:12.972  INFO 24736 --- [restartedMain] com.netflix.discovery.DiscoveryClient    : The response status is 200
2023-05-17 07:34:12.973  INFO 24736 --- [restartedMain] com.netflix.discovery.DiscoveryClient    : Starting heartbeat executor: renew interval is: 30
2023-05-17 07:34:12.974  INFO 24736 --- [restartedMain] c.n.discovery.InstanceInfoReplicator     : InstanceInfoReplicator onDemand update allowed rate per min is 4
2023-05-17 07:34:12.975  INFO 24736 --- [restartedMain] com.netflix.discovery.DiscoveryClient    : Discovery Client initialized at timestamp 1684289052975 with initial instances count: 3
2023-05-17 07:34:12.976  INFO 24736 --- [restartedMain] o.s.c.n.e.s.EurekaServiceRegistry        : Registering application IPLPLAYERS-CONSUMER with eureka with status UP
2023-05-17 07:34:12.976  INFO 24736 --- [restartedMain] com.netflix.discovery.DiscoveryClient    : Saw local status change event StatusChangeEvent [timestamp=1684289052976, current=UP, previous=STARTING]
2023-05-17 07:34:12.976  INFO 24736 --- [DiscoveryClient-InstanceInfoReplicator-0] com.netflix.discovery.DiscoveryClient    : DiscoveryClient_IPLPLAYERS-CONSUMER/IPLPlayers-consumer:1d8cb0266e2cc94b042ffadfc9f34c73: registering service...
2023-05-17 07:34:12.985  INFO 24736 --- [restartedMain] o.s.b.w.embedded.tomcat.TomcatWebServer  : Tomcat started on port(s): 8082 (http) with context path ''
2023-05-17 07:34:12.985  INFO 24736 --- [restartedMain] .s.c.n.e.s.EurekaAutoServiceRegistration : Updating port to 8082
2023-05-17 07:34:12.989  INFO 24736 --- [DiscoveryClient-InstanceInfoReplicator-0] com.netflix.discovery.DiscoveryClient    : DiscoveryClient_IPLPLAYERS-CONSUMER/IPLPlayers-consumer:1d8cb0266e2cc94b042ffadfc9f34c73 - registration status: 204
2023-05-17 07:34:13.129  INFO 24736 --- [restartedMain] iProjectConsumerIplPlayesInfoApplication : Started SpringBootMsProject12MiniProjectConsumerIplPlayesInfoApplication in 4.053 seconds (JVM running for 550.954)
2023-05-17 07:34:13.132  INFO 24736 --- [restartedMain] .ConditionEvaluationDeltaLoggingListener : Condition evaluation unchanged
2023-05-17 07:34:13.141  INFO 24736 --- [registrationTask1] d.c.b.a.c.r.ApplicationRegistrator       : Application registered itself as b33e40638684
2023-05-17 07:34:13.143  INFO 24736 --- [http-nio-8082-exec-1] o.a.c.c.C.[Tomcat].[localhost].[/]       : Initializing Spring DispatcherServlet 'dispatcherServlet'
2023-05-17 07:34:13.144  INFO 24736 --- [http-nio-8082-exec-1] o.s.web.servlet.DispatcherServlet        : Initializing Servlet 'dispatcherServlet'
2023-05-17 07:34:13.145  INFO 24736 --- [http-nio-8082-exec-1] o.s.web.servlet.DispatcherServlet        : Completed initialization in 1 ms
2023-05-17 07:34:21.420  INFO 24736 --- [http-nio-8082-exec-4] c.n.r.IPLPlayerRequestController         : Entered in to consumer-restcontroller-getPlayerDetails
2023-05-17 07:34:21.421  INFO 24736 --- [http-nio-8082-exec-4] com.nt.service.IplayerInfoImpl           : Entered into consumer-service- getPlayerById()
2023-05-17 07:34:21.425  INFO 24736 --- [http-nio-8082-exec-4] com.nt.service.IplayerInfoImpl           : call the find by id method in service class of consumer
2023-05-17 07:34:55.865  INFO 24736 --- [RMI TCP Connection(17)-127.0.0.1] inMXBeanRegistrar$SpringApplicationAdmin : Application shutdown requested.
2023-05-17 07:34:55.866  INFO 24736 --- [RMI TCP Connection(17)-127.0.0.1] o.s.c.n.e.s.EurekaServiceRegistry        : Unregistering application IPLPLAYERS-CONSUMER with eureka with status DOWN
2023-05-17 07:34:55.866  INFO 24736 --- [RMI TCP Connection(17)-127.0.0.1] com.netflix.discovery.DiscoveryClient    : Saw local status change event StatusChangeEvent [timestamp=1684289095866, current=DOWN, previous=UP]
2023-05-17 07:34:55.866  INFO 24736 --- [DiscoveryClient-InstanceInfoReplicator-0] com.netflix.discovery.DiscoveryClient    : DiscoveryClient_IPLPLAYERS-CONSUMER/IPLPlayers-consumer:1d8cb0266e2cc94b042ffadfc9f34c73: registering service...
2023-05-17 07:34:55.872  INFO 24736 --- [DiscoveryClient-InstanceInfoReplicator-0] com.netflix.discovery.DiscoveryClient    : DiscoveryClient_IPLPLAYERS-CONSUMER/IPLPlayers-consumer:1d8cb0266e2cc94b042ffadfc9f34c73 - registration status: 204
2023-05-17 07:34:55.882  INFO 24736 --- [RMI TCP Connection(17)-127.0.0.1] o.apache.catalina.core.StandardService   : Stopping service [Tomcat]
2023-05-17 07:34:55.883  INFO 24736 --- [RMI TCP Connection(17)-127.0.0.1] o.a.c.c.C.[Tomcat].[localhost].[/]       : Destroying Spring FrameworkServlet 'dispatcherServlet'
2023-05-17 07:34:55.892  WARN 24736 --- [RMI TCP Connection(17)-127.0.0.1] s.c.a.AnnotationConfigApplicationContext : Exception thrown from ApplicationListener handling ContextClosedEvent

org.springframework.beans.factory.BeanCreationNotAllowedException: Error creating bean with name 'registrationListener': Singleton bean creation not allowed while singletons of this factory are in destruction (Do not request a bean from a BeanFactory in a destroy method implementation!)
	at org.springframework.beans.factory.support.DefaultSingletonBeanRegistry.getSingleton(DefaultSingletonBeanRegistry.java:220) ~[spring-beans-5.3.27.jar:5.3.27]
	at org.springframework.beans.factory.support.AbstractBeanFactory.doGetBean(AbstractBeanFactory.java:333) ~[spring-beans-5.3.27.jar:5.3.27]
	at org.springframework.beans.factory.support.AbstractBeanFactory.getBean(AbstractBeanFactory.java:208) ~[spring-beans-5.3.27.jar:5.3.27]
	at org.springframework.context.support.AbstractApplicationContext.getBean(AbstractApplicationContext.java:1156) ~[spring-context-5.3.27.jar:5.3.27]
	at org.springframework.context.event.ApplicationListenerMethodAdapter.getTargetBean(ApplicationListenerMethodAdapter.java:371) ~[spring-context-5.3.27.jar:5.3.27]
	at org.springframework.context.event.ApplicationListenerMethodAdapter.doInvoke(ApplicationListenerMethodAdapter.java:336) ~[spring-context-5.3.27.jar:5.3.27]
	at org.springframework.context.event.ApplicationListenerMethodAdapter.processEvent(ApplicationListenerMethodAdapter.java:229) ~[spring-context-5.3.27.jar:5.3.27]
	at org.springframework.context.event.ApplicationListenerMethodAdapter.onApplicationEvent(ApplicationListenerMethodAdapter.java:166) ~[spring-context-5.3.27.jar:5.3.27]
	at org.springframework.context.event.SimpleApplicationEventMulticaster.doInvokeListener(SimpleApplicationEventMulticaster.java:176) ~[spring-context-5.3.27.jar:5.3.27]
	at org.springframework.context.event.SimpleApplicationEventMulticaster.invokeListener(SimpleApplicationEventMulticaster.java:169) ~[spring-context-5.3.27.jar:5.3.27]
	at org.springframework.context.event.SimpleApplicationEventMulticaster.multicastEvent(SimpleApplicationEventMulticaster.java:143) ~[spring-context-5.3.27.jar:5.3.27]
	at org.springframework.context.support.AbstractApplicationContext.publishEvent(AbstractApplicationContext.java:421) ~[spring-context-5.3.27.jar:5.3.27]
	at org.springframework.context.support.AbstractApplicationContext.publishEvent(AbstractApplicationContext.java:427) ~[spring-context-5.3.27.jar:5.3.27]
	at org.springframework.context.support.AbstractApplicationContext.publishEvent(AbstractApplicationContext.java:378) ~[spring-context-5.3.27.jar:5.3.27]
	at org.springframework.context.support.AbstractApplicationContext.doClose(AbstractApplicationContext.java:1060) ~[spring-context-5.3.27.jar:5.3.27]
	at org.springframework.context.support.AbstractApplicationContext.close(AbstractApplicationContext.java:1023) ~[spring-context-5.3.27.jar:5.3.27]
	at org.springframework.cloud.context.named.NamedContextFactory.destroy(NamedContextFactory.java:99) ~[spring-cloud-context-3.1.6.jar:3.1.6]
	at org.springframework.beans.factory.support.DisposableBeanAdapter.destroy(DisposableBeanAdapter.java:213) ~[spring-beans-5.3.27.jar:5.3.27]
	at org.springframework.beans.factory.support.DefaultSingletonBeanRegistry.destroyBean(DefaultSingletonBeanRegistry.java:587) ~[spring-beans-5.3.27.jar:5.3.27]
	at org.springframework.beans.factory.support.DefaultSingletonBeanRegistry.destroySingleton(DefaultSingletonBeanRegistry.java:559) ~[spring-beans-5.3.27.jar:5.3.27]
	at org.springframework.beans.factory.support.DefaultListableBeanFactory.destroySingleton(DefaultListableBeanFactory.java:1163) ~[spring-beans-5.3.27.jar:5.3.27]
	at org.springframework.beans.factory.support.DefaultSingletonBeanRegistry.destroySingletons(DefaultSingletonBeanRegistry.java:520) ~[spring-beans-5.3.27.jar:5.3.27]
	at org.springframework.beans.factory.support.DefaultListableBeanFactory.destroySingletons(DefaultListableBeanFactory.java:1156) ~[spring-beans-5.3.27.jar:5.3.27]
	at org.springframework.context.support.AbstractApplicationContext.destroyBeans(AbstractApplicationContext.java:1108) ~[spring-context-5.3.27.jar:5.3.27]
	at org.springframework.context.support.AbstractApplicationContext.doClose(AbstractApplicationContext.java:1077) ~[spring-context-5.3.27.jar:5.3.27]
	at org.springframework.boot.web.servlet.context.ServletWebServerApplicationContext.doClose(ServletWebServerApplicationContext.java:174) ~[spring-boot-2.7.11.jar:2.7.11]
	at org.springframework.context.support.AbstractApplicationContext.close(AbstractApplicationContext.java:1023) ~[spring-context-5.3.27.jar:5.3.27]
	at org.springframework.boot.admin.SpringApplicationAdminMXBeanRegistrar$SpringApplicationAdmin.shutdown(SpringApplicationAdminMXBeanRegistrar.java:160) ~[spring-boot-2.7.11.jar:2.7.11]
	at java.base/jdk.internal.reflect.NativeMethodAccessorImpl.invoke0(Native Method) ~[na:na]
	at java.base/jdk.internal.reflect.NativeMethodAccessorImpl.invoke(NativeMethodAccessorImpl.java:77) ~[na:na]
	at java.base/jdk.internal.reflect.DelegatingMethodAccessorImpl.invoke(DelegatingMethodAccessorImpl.java:43) ~[na:na]
	at java.base/java.lang.reflect.Method.invoke(Method.java:568) ~[na:na]
	at sun.reflect.misc.Trampoline.invoke(MethodUtil.java:72) ~[na:na]
	at java.base/jdk.internal.reflect.NativeMethodAccessorImpl.invoke0(Native Method) ~[na:na]
	at java.base/jdk.internal.reflect.NativeMethodAccessorImpl.invoke(NativeMethodAccessorImpl.java:77) ~[na:na]
	at java.base/jdk.internal.reflect.DelegatingMethodAccessorImpl.invoke(DelegatingMethodAccessorImpl.java:43) ~[na:na]
	at java.base/java.lang.reflect.Method.invoke(Method.java:568) ~[na:na]
	at java.base/sun.reflect.misc.MethodUtil.invoke(MethodUtil.java:262) ~[na:na]
	at java.management/com.sun.jmx.mbeanserver.ConvertingMethod.invokeWithOpenReturn(ConvertingMethod.java:193) ~[na:na]
	at java.management/com.sun.jmx.mbeanserver.ConvertingMethod.invokeWithOpenReturn(ConvertingMethod.java:175) ~[na:na]
	at java.management/com.sun.jmx.mbeanserver.MXBeanIntrospector.invokeM2(MXBeanIntrospector.java:117) ~[na:na]
	at java.management/com.sun.jmx.mbeanserver.MXBeanIntrospector.invokeM2(MXBeanIntrospector.java:54) ~[na:na]
	at java.management/com.sun.jmx.mbeanserver.MBeanIntrospector.invokeM(MBeanIntrospector.java:237) ~[na:na]
	at java.management/com.sun.jmx.mbeanserver.PerInterface.invoke(PerInterface.java:138) ~[na:na]
	at java.management/com.sun.jmx.mbeanserver.MBeanSupport.invoke(MBeanSupport.java:252) ~[na:na]
	at java.management/com.sun.jmx.interceptor.DefaultMBeanServerInterceptor.invoke(DefaultMBeanServerInterceptor.java:814) ~[na:na]
	at java.management/com.sun.jmx.mbeanserver.JmxMBeanServer.invoke(JmxMBeanServer.java:802) ~[na:na]
	at java.management.rmi/javax.management.remote.rmi.RMIConnectionImpl.doOperation(RMIConnectionImpl.java:1472) ~[na:na]
	at java.management.rmi/javax.management.remote.rmi.RMIConnectionImpl$PrivilegedOperation.run(RMIConnectionImpl.java:1310) ~[na:na]
	at java.management.rmi/javax.management.remote.rmi.RMIConnectionImpl.doPrivilegedOperation(RMIConnectionImpl.java:1405) ~[na:na]
	at java.management.rmi/javax.management.remote.rmi.RMIConnectionImpl.invoke(RMIConnectionImpl.java:829) ~[na:na]
	at java.base/jdk.internal.reflect.GeneratedMethodAccessor38.invoke(Unknown Source) ~[na:na]
	at java.base/jdk.internal.reflect.DelegatingMethodAccessorImpl.invoke(DelegatingMethodAccessorImpl.java:43) ~[na:na]
	at java.base/java.lang.reflect.Method.invoke(Method.java:568) ~[na:na]
	at java.rmi/sun.rmi.server.UnicastServerRef.dispatch(UnicastServerRef.java:360) ~[na:na]
	at java.rmi/sun.rmi.transport.Transport$1.run(Transport.java:200) ~[na:na]
	at java.rmi/sun.rmi.transport.Transport$1.run(Transport.java:197) ~[na:na]
	at java.base/java.security.AccessController.doPrivileged(AccessController.java:712) ~[na:na]
	at java.rmi/sun.rmi.transport.Transport.serviceCall(Transport.java:196) ~[na:na]
	at java.rmi/sun.rmi.transport.tcp.TCPTransport.handleMessages(TCPTransport.java:587) ~[na:na]
	at java.rmi/sun.rmi.transport.tcp.TCPTransport$ConnectionHandler.run0(TCPTransport.java:828) ~[na:na]
	at java.rmi/sun.rmi.transport.tcp.TCPTransport$ConnectionHandler.lambda$run$0(TCPTransport.java:705) ~[na:na]
	at java.base/java.security.AccessController.doPrivileged(AccessController.java:399) ~[na:na]
	at java.rmi/sun.rmi.transport.tcp.TCPTransport$ConnectionHandler.run(TCPTransport.java:704) ~[na:na]
	at java.base/java.util.concurrent.ThreadPoolExecutor.runWorker(ThreadPoolExecutor.java:1136) ~[na:na]
	at java.base/java.util.concurrent.ThreadPoolExecutor$Worker.run(ThreadPoolExecutor.java:635) ~[na:na]
	at java.base/java.lang.Thread.run(Thread.java:833) ~[na:na]

2023-05-17 07:34:55.893  INFO 24736 --- [RMI TCP Connection(17)-127.0.0.1] j.LocalContainerEntityManagerFactoryBean : Closing JPA EntityManagerFactory for persistence unit 'default'
2023-05-17 07:34:55.894  INFO 24736 --- [RMI TCP Connection(17)-127.0.0.1] com.zaxxer.hikari.HikariDataSource       : HikariPool-3 - Shutdown initiated...
2023-05-17 07:34:55.909  INFO 24736 --- [RMI TCP Connection(17)-127.0.0.1] com.zaxxer.hikari.HikariDataSource       : HikariPool-3 - Shutdown completed.
2023-05-17 07:34:55.909  INFO 24736 --- [RMI TCP Connection(17)-127.0.0.1] com.netflix.discovery.DiscoveryClient    : Shutting down DiscoveryClient ...
2023-05-17 07:34:58.912  INFO 24736 --- [RMI TCP Connection(17)-127.0.0.1] com.netflix.discovery.DiscoveryClient    : Unregistering ...
2023-05-17 07:34:58.918  INFO 24736 --- [RMI TCP Connection(17)-127.0.0.1] com.netflix.discovery.DiscoveryClient    : DiscoveryClient_IPLPLAYERS-CONSUMER/IPLPlayers-consumer:1d8cb0266e2cc94b042ffadfc9f34c73 - deregister  status: 200
2023-05-17 07:34:58.927  INFO 24736 --- [RMI TCP Connection(17)-127.0.0.1] com.netflix.discovery.DiscoveryClient    : Completed shut down of DiscoveryClient
