2023-05-17 06:49:45.554  INFO 16728 --- [restartedMain] oject12MiniProjectIplTeamInfoApplication : Starting SpringBootMsProject12MiniProjectIplTeamInfoApplication using Java 17.0.4.1 on TapasRout with PID 16728 (D:\eclipse-jee-2022-09\WorkSpace\SpringBootMSProject-12-MiniProject-ProducerIPLTeamInfo\target\classes started by user in D:\eclipse-jee-2022-09\WorkSpace\SpringBootMSProject-12-MiniProject-ProducerIPLTeamInfo)
2023-05-17 06:49:45.617  INFO 16728 --- [restartedMain] oject12MiniProjectIplTeamInfoApplication : No active profile set, falling back to 1 default profile: "default"
2023-05-17 06:49:45.669  INFO 16728 --- [restartedMain] o.s.c.c.c.ConfigServerConfigDataLoader   : Fetching config from server at : http://localhost:8888
2023-05-17 06:49:45.670  INFO 16728 --- [restartedMain] o.s.c.c.c.ConfigServerConfigDataLoader   : Located environment: name=IPLTeam-Service, profiles=[default], label=null, version=99545e919a6f82998c5fdafbdfe758296615d2a3, state=null
2023-05-17 06:49:45.672  INFO 16728 --- [restartedMain] o.s.b.devtools.restart.ChangeableUrls    : The Class-Path manifest attribute in C:\Users\user\.m2\repository\com\oracle\database\jdbc\ojdbc8\21.5.0.0\ojdbc8-21.5.0.0.jar referenced one or more files that do not exist: file:/C:/Users/user/.m2/repository/com/oracle/database/jdbc/ojdbc8/21.5.0.0/oraclepki.jar
2023-05-17 06:49:45.672  INFO 16728 --- [restartedMain] .e.DevToolsPropertyDefaultsPostProcessor : Devtools property defaults active! Set 'spring.devtools.add-properties' to 'false' to disable
2023-05-17 06:49:45.672  INFO 16728 --- [restartedMain] .e.DevToolsPropertyDefaultsPostProcessor : For additional web related logging consider setting the 'logging.level.web' property to 'DEBUG'
2023-05-17 06:49:46.681  INFO 16728 --- [restartedMain] .s.d.r.c.RepositoryConfigurationDelegate : Bootstrapping Spring Data JPA repositories in DEFAULT mode.
2023-05-17 06:49:46.810  INFO 16728 --- [restartedMain] .s.d.r.c.RepositoryConfigurationDelegate : Finished Spring Data repository scanning in 119 ms. Found 1 JPA repository interfaces.
2023-05-17 06:49:47.053  INFO 16728 --- [restartedMain] o.s.cloud.context.scope.GenericScope     : BeanFactory id=6f78df72-e940-3b72-807d-3856c36ca093
2023-05-17 06:49:47.774  INFO 16728 --- [restartedMain] o.s.b.w.embedded.tomcat.TomcatWebServer  : Tomcat initialized with port(s): 8081 (http)
2023-05-17 06:49:47.783  INFO 16728 --- [restartedMain] o.apache.catalina.core.StandardService   : Starting service [Tomcat]
2023-05-17 06:49:47.783  INFO 16728 --- [restartedMain] org.apache.catalina.core.StandardEngine  : Starting Servlet engine: [Apache Tomcat/9.0.74]
2023-05-17 06:49:47.901  INFO 16728 --- [restartedMain] o.a.c.c.C.[Tomcat].[localhost].[/]       : Initializing Spring embedded WebApplicationContext
2023-05-17 06:49:47.902  INFO 16728 --- [restartedMain] w.s.c.ServletWebServerApplicationContext : Root WebApplicationContext: initialization completed in 2229 ms
2023-05-17 06:49:48.256  INFO 16728 --- [restartedMain] o.hibernate.jpa.internal.util.LogHelper  : HHH000204: Processing PersistenceUnitInfo [name: default]
2023-05-17 06:49:48.349  INFO 16728 --- [restartedMain] org.hibernate.Version                    : HHH000412: Hibernate ORM core version 5.6.15.Final
2023-05-17 06:49:48.580  INFO 16728 --- [restartedMain] o.hibernate.annotations.common.Version   : HCANN000001: Hibernate Commons Annotations {5.1.2.Final}
2023-05-17 06:49:48.718  INFO 16728 --- [restartedMain] com.zaxxer.hikari.HikariDataSource       : HikariPool-1 - Starting...
2023-05-17 06:49:48.723  WARN 16728 --- [restartedMain] com.zaxxer.hikari.util.DriverDataSource  : Registered driver with driverClassName=oracle.jdbc.driver.OracleDriver was not found, trying direct instantiation.
2023-05-17 06:49:49.375  INFO 16728 --- [restartedMain] com.zaxxer.hikari.HikariDataSource       : HikariPool-1 - Start completed.
2023-05-17 06:49:49.397  INFO 16728 --- [restartedMain] org.hibernate.dialect.Dialect            : HHH000400: Using dialect: org.hibernate.dialect.Oracle10gDialect
2023-05-17 06:49:50.715  INFO 16728 --- [restartedMain] o.h.e.t.j.p.i.JtaPlatformInitiator       : HHH000490: Using JtaPlatform implementation: [org.hibernate.engine.transaction.jta.platform.internal.NoJtaPlatform]
2023-05-17 06:49:50.726  INFO 16728 --- [restartedMain] j.LocalContainerEntityManagerFactoryBean : Initialized JPA EntityManagerFactory for persistence unit 'default'
2023-05-17 06:49:51.037  WARN 16728 --- [restartedMain] JpaBaseConfiguration$JpaWebConfiguration : spring.jpa.open-in-view is enabled by default. Therefore, database queries may be performed during view rendering. Explicitly configure spring.jpa.open-in-view to disable this warning
2023-05-17 06:49:52.016  INFO 16728 --- [restartedMain] o.s.b.d.a.OptionalLiveReloadServer       : LiveReload server is running on port 35729
2023-05-17 06:49:52.152  INFO 16728 --- [restartedMain] DiscoveryClientOptionalArgsConfiguration : Eureka HTTP Client uses RestTemplate.
2023-05-17 06:49:52.208  WARN 16728 --- [restartedMain] iguration$LoadBalancerCaffeineWarnLogger : Spring Cloud LoadBalancer is currently working with the default cache. While this cache implementation is useful for development and tests, it's recommended to use Caffeine cache in production.You can switch to using Caffeine cache, by adding it and org.springframework.cache.caffeine.CaffeineCacheManager to the classpath.
2023-05-17 06:49:52.213  INFO 16728 --- [restartedMain] o.s.b.a.e.web.EndpointLinksResolver      : Exposing 17 endpoint(s) beneath base path '/actuator'
2023-05-17 06:49:52.291  INFO 16728 --- [restartedMain] o.s.c.n.eureka.InstanceInfoFactory       : Setting initial instance status as: STARTING
2023-05-17 06:49:52.377  INFO 16728 --- [restartedMain] com.netflix.discovery.DiscoveryClient    : Initializing Eureka in region us-east-1
2023-05-17 06:49:52.382  INFO 16728 --- [restartedMain] c.n.d.s.r.aws.ConfigClusterResolver      : Resolving eureka endpoints via configuration
2023-05-17 06:49:52.413  INFO 16728 --- [restartedMain] com.netflix.discovery.DiscoveryClient    : Disable delta property : false
2023-05-17 06:49:52.414  INFO 16728 --- [restartedMain] com.netflix.discovery.DiscoveryClient    : Single vip registry refresh property : null
2023-05-17 06:49:52.414  INFO 16728 --- [restartedMain] com.netflix.discovery.DiscoveryClient    : Force full registry fetch : false
2023-05-17 06:49:52.414  INFO 16728 --- [restartedMain] com.netflix.discovery.DiscoveryClient    : Application is null : false
2023-05-17 06:49:52.414  INFO 16728 --- [restartedMain] com.netflix.discovery.DiscoveryClient    : Registered Applications size is zero : true
2023-05-17 06:49:52.414  INFO 16728 --- [restartedMain] com.netflix.discovery.DiscoveryClient    : Application version is -1: true
2023-05-17 06:49:52.414  INFO 16728 --- [restartedMain] com.netflix.discovery.DiscoveryClient    : Getting all instance registry info from the eureka server
2023-05-17 06:49:52.636  INFO 16728 --- [restartedMain] com.netflix.discovery.DiscoveryClient    : The response status is 200
2023-05-17 06:49:52.639  INFO 16728 --- [restartedMain] com.netflix.discovery.DiscoveryClient    : Starting heartbeat executor: renew interval is: 30
2023-05-17 06:49:52.642  INFO 16728 --- [restartedMain] c.n.discovery.InstanceInfoReplicator     : InstanceInfoReplicator onDemand update allowed rate per min is 4
2023-05-17 06:49:52.648  INFO 16728 --- [restartedMain] com.netflix.discovery.DiscoveryClient    : Discovery Client initialized at timestamp 1684286392646 with initial instances count: 0
2023-05-17 06:49:52.650  INFO 16728 --- [restartedMain] o.s.c.n.e.s.EurekaServiceRegistry        : Registering application IPLTEAM-SERVICE with eureka with status UP
2023-05-17 06:49:52.651  INFO 16728 --- [restartedMain] com.netflix.discovery.DiscoveryClient    : Saw local status change event StatusChangeEvent [timestamp=1684286392651, current=UP, previous=STARTING]
2023-05-17 06:49:52.653  INFO 16728 --- [DiscoveryClient-InstanceInfoReplicator-0] com.netflix.discovery.DiscoveryClient    : DiscoveryClient_IPLTEAM-SERVICE/IPLTeam-Service:c56fc31a0514b6efd436b314bda17935: registering service...
2023-05-17 06:49:52.679  INFO 16728 --- [restartedMain] o.s.b.w.embedded.tomcat.TomcatWebServer  : Tomcat started on port(s): 8081 (http) with context path ''
2023-05-17 06:49:52.680  INFO 16728 --- [restartedMain] .s.c.n.e.s.EurekaAutoServiceRegistration : Updating port to 8081
2023-05-17 06:49:52.755  INFO 16728 --- [DiscoveryClient-InstanceInfoReplicator-0] com.netflix.discovery.DiscoveryClient    : DiscoveryClient_IPLTEAM-SERVICE/IPLTeam-Service:c56fc31a0514b6efd436b314bda17935 - registration status: 204
2023-05-17 06:49:52.832  INFO 16728 --- [restartedMain] oject12MiniProjectIplTeamInfoApplication : Started SpringBootMsProject12MiniProjectIplTeamInfoApplication in 14.848 seconds (JVM running for 16.011)
2023-05-17 06:49:53.124  INFO 16728 --- [registrationTask1] d.c.b.a.c.r.ApplicationRegistrator       : Application registered itself as 9cd7ec873ce1
2023-05-17 06:49:53.234  INFO 16728 --- [http-nio-8081-exec-1] o.a.c.c.C.[Tomcat].[localhost].[/]       : Initializing Spring DispatcherServlet 'dispatcherServlet'
2023-05-17 06:49:53.234  INFO 16728 --- [http-nio-8081-exec-1] o.s.web.servlet.DispatcherServlet        : Initializing Servlet 'dispatcherServlet'
2023-05-17 06:49:53.236  INFO 16728 --- [http-nio-8081-exec-1] o.s.web.servlet.DispatcherServlet        : Completed initialization in 2 ms
2023-05-17 06:50:22.641  INFO 16728 --- [DiscoveryClient-CacheRefreshExecutor-0] com.netflix.discovery.DiscoveryClient    : Disable delta property : false
2023-05-17 06:50:22.641  INFO 16728 --- [DiscoveryClient-CacheRefreshExecutor-0] com.netflix.discovery.DiscoveryClient    : Single vip registry refresh property : null
2023-05-17 06:50:22.642  INFO 16728 --- [DiscoveryClient-CacheRefreshExecutor-0] com.netflix.discovery.DiscoveryClient    : Force full registry fetch : false
2023-05-17 06:50:22.642  INFO 16728 --- [DiscoveryClient-CacheRefreshExecutor-0] com.netflix.discovery.DiscoveryClient    : Application is null : false
2023-05-17 06:50:22.643  INFO 16728 --- [DiscoveryClient-CacheRefreshExecutor-0] com.netflix.discovery.DiscoveryClient    : Registered Applications size is zero : true
2023-05-17 06:50:22.643  INFO 16728 --- [DiscoveryClient-CacheRefreshExecutor-0] com.netflix.discovery.DiscoveryClient    : Application version is -1: false
2023-05-17 06:50:22.643  INFO 16728 --- [DiscoveryClient-CacheRefreshExecutor-0] com.netflix.discovery.DiscoveryClient    : Getting all instance registry info from the eureka server
2023-05-17 06:50:22.668  INFO 16728 --- [DiscoveryClient-CacheRefreshExecutor-0] com.netflix.discovery.DiscoveryClient    : The response status is 200
2023-05-17 06:54:52.418  INFO 16728 --- [AsyncResolver-bootstrap-executor-0] c.n.d.s.r.aws.ConfigClusterResolver      : Resolving eureka endpoints via configuration
2023-05-17 06:59:05.032  INFO 16728 --- [http-nio-8081-exec-7] com.nt.restcontroller.RequestController  : Entered into getTeamDetails method
2023-05-17 06:59:05.033  INFO 16728 --- [http-nio-8081-exec-7] com.nt.service.IPLTeamInfoService        : Entered in to Service class getTeam method
2023-05-17 06:59:05.220  INFO 16728 --- [http-nio-8081-exec-7] com.nt.service.IPLTeamInfoService        : call the reposity method and get he Optional class object
2023-05-17 06:59:05.220  INFO 16728 --- [http-nio-8081-exec-7] com.nt.service.IPLTeamInfoService        : Team is availabe and return IPLTeamInfo object
2023-05-17 06:59:05.221  INFO 16728 --- [http-nio-8081-exec-7] com.nt.restcontroller.RequestController  : call the service method
2023-05-17 06:59:05.221  INFO 16728 --- [http-nio-8081-exec-7] com.nt.restcontroller.RequestController  : checking if team is null
2023-05-17 06:59:52.435  INFO 16728 --- [AsyncResolver-bootstrap-executor-0] c.n.d.s.r.aws.ConfigClusterResolver      : Resolving eureka endpoints via configuration
2023-05-17 07:00:05.782  INFO 16728 --- [http-nio-8081-exec-3] com.nt.restcontroller.RequestController  : Entered into getTeamDetails method
2023-05-17 07:00:05.783  INFO 16728 --- [http-nio-8081-exec-3] com.nt.service.IPLTeamInfoService        : Entered in to Service class getTeam method
2023-05-17 07:00:05.786  INFO 16728 --- [http-nio-8081-exec-3] com.nt.service.IPLTeamInfoService        : call the reposity method and get he Optional class object
2023-05-17 07:00:05.786  INFO 16728 --- [http-nio-8081-exec-3] com.nt.service.IPLTeamInfoService        : Team is availabe and return IPLTeamInfo object
2023-05-17 07:00:05.786  INFO 16728 --- [http-nio-8081-exec-3] com.nt.restcontroller.RequestController  : call the service method
2023-05-17 07:00:05.786  INFO 16728 --- [http-nio-8081-exec-3] com.nt.restcontroller.RequestController  : checking if team is null
2023-05-17 07:02:31.394  INFO 16728 --- [http-nio-8081-exec-2] com.nt.restcontroller.RequestController  : Entered into getTeamDetails method
2023-05-17 07:02:31.394  INFO 16728 --- [http-nio-8081-exec-2] com.nt.service.IPLTeamInfoService        : Entered in to Service class getTeam method
2023-05-17 07:02:31.399  INFO 16728 --- [http-nio-8081-exec-2] com.nt.service.IPLTeamInfoService        : call the reposity method and get he Optional class object
2023-05-17 07:02:31.400  INFO 16728 --- [http-nio-8081-exec-2] com.nt.service.IPLTeamInfoService        : Team is availabe and return IPLTeamInfo object
2023-05-17 07:02:31.400  INFO 16728 --- [http-nio-8081-exec-2] com.nt.restcontroller.RequestController  : call the service method
2023-05-17 07:02:31.400  INFO 16728 --- [http-nio-8081-exec-2] com.nt.restcontroller.RequestController  : checking if team is null
2023-05-17 07:03:15.431  INFO 16728 --- [http-nio-8081-exec-6] com.nt.restcontroller.RequestController  : Entered into getTeamDetails method
2023-05-17 07:03:15.436  INFO 16728 --- [http-nio-8081-exec-6] com.nt.service.IPLTeamInfoService        : Entered in to Service class getTeam method
2023-05-17 07:03:15.446  INFO 16728 --- [http-nio-8081-exec-6] com.nt.service.IPLTeamInfoService        : call the reposity method and get he Optional class object
2023-05-17 07:03:15.447  INFO 16728 --- [http-nio-8081-exec-6] com.nt.service.IPLTeamInfoService        : Team is availabe and return IPLTeamInfo object
2023-05-17 07:03:15.447  INFO 16728 --- [http-nio-8081-exec-6] com.nt.restcontroller.RequestController  : call the service method
2023-05-17 07:03:15.447  INFO 16728 --- [http-nio-8081-exec-6] com.nt.restcontroller.RequestController  : checking if team is null
2023-05-17 07:04:52.447  INFO 16728 --- [AsyncResolver-bootstrap-executor-0] c.n.d.s.r.aws.ConfigClusterResolver      : Resolving eureka endpoints via configuration
2023-05-17 07:09:52.455  INFO 16728 --- [AsyncResolver-bootstrap-executor-0] c.n.d.s.r.aws.ConfigClusterResolver      : Resolving eureka endpoints via configuration
2023-05-17 07:14:52.501  INFO 16728 --- [AsyncResolver-bootstrap-executor-0] c.n.d.s.r.aws.ConfigClusterResolver      : Resolving eureka endpoints via configuration
2023-05-17 07:19:52.542  INFO 16728 --- [AsyncResolver-bootstrap-executor-0] c.n.d.s.r.aws.ConfigClusterResolver      : Resolving eureka endpoints via configuration
2023-05-17 07:24:52.544  INFO 16728 --- [AsyncResolver-bootstrap-executor-0] c.n.d.s.r.aws.ConfigClusterResolver      : Resolving eureka endpoints via configuration
2023-05-17 07:29:52.595  INFO 16728 --- [AsyncResolver-bootstrap-executor-0] c.n.d.s.r.aws.ConfigClusterResolver      : Resolving eureka endpoints via configuration
2023-05-17 07:34:52.641  INFO 16728 --- [AsyncResolver-bootstrap-executor-0] c.n.d.s.r.aws.ConfigClusterResolver      : Resolving eureka endpoints via configuration
2023-05-17 07:35:02.812  INFO 16728 --- [RMI TCP Connection(50)-127.0.0.1] inMXBeanRegistrar$SpringApplicationAdmin : Application shutdown requested.
2023-05-17 07:35:02.880  INFO 16728 --- [RMI TCP Connection(50)-127.0.0.1] o.s.c.n.e.s.EurekaServiceRegistry        : Unregistering application IPLTEAM-SERVICE with eureka with status DOWN
2023-05-17 07:35:02.881  INFO 16728 --- [RMI TCP Connection(50)-127.0.0.1] com.netflix.discovery.DiscoveryClient    : Saw local status change event StatusChangeEvent [timestamp=1684289102881, current=DOWN, previous=UP]
2023-05-17 07:35:02.882  INFO 16728 --- [DiscoveryClient-InstanceInfoReplicator-0] com.netflix.discovery.DiscoveryClient    : DiscoveryClient_IPLTEAM-SERVICE/IPLTeam-Service:c56fc31a0514b6efd436b314bda17935: registering service...
2023-05-17 07:35:02.896  INFO 16728 --- [DiscoveryClient-InstanceInfoReplicator-0] com.netflix.discovery.DiscoveryClient    : DiscoveryClient_IPLTEAM-SERVICE/IPLTeam-Service:c56fc31a0514b6efd436b314bda17935 - registration status: 204
2023-05-17 07:35:02.986  INFO 16728 --- [RMI TCP Connection(50)-127.0.0.1] o.apache.catalina.core.StandardService   : Stopping service [Tomcat]
2023-05-17 07:35:02.994  INFO 16728 --- [RMI TCP Connection(50)-127.0.0.1] o.a.c.c.C.[Tomcat].[localhost].[/]       : Destroying Spring FrameworkServlet 'dispatcherServlet'
2023-05-17 07:35:03.057  INFO 16728 --- [RMI TCP Connection(50)-127.0.0.1] j.LocalContainerEntityManagerFactoryBean : Closing JPA EntityManagerFactory for persistence unit 'default'
2023-05-17 07:35:03.096  INFO 16728 --- [RMI TCP Connection(50)-127.0.0.1] com.zaxxer.hikari.HikariDataSource       : HikariPool-1 - Shutdown initiated...
2023-05-17 07:35:03.154  INFO 16728 --- [RMI TCP Connection(50)-127.0.0.1] com.zaxxer.hikari.HikariDataSource       : HikariPool-1 - Shutdown completed.
2023-05-17 07:35:03.158  INFO 16728 --- [RMI TCP Connection(50)-127.0.0.1] com.netflix.discovery.DiscoveryClient    : Shutting down DiscoveryClient ...
2023-05-17 07:35:06.165  INFO 16728 --- [RMI TCP Connection(50)-127.0.0.1] com.netflix.discovery.DiscoveryClient    : Unregistering ...
2023-05-17 07:35:06.217  INFO 16728 --- [RMI TCP Connection(50)-127.0.0.1] com.netflix.discovery.DiscoveryClient    : DiscoveryClient_IPLTEAM-SERVICE/IPLTeam-Service:c56fc31a0514b6efd436b314bda17935 - deregister  status: 200
2023-05-17 07:35:06.239  INFO 16728 --- [RMI TCP Connection(50)-127.0.0.1] com.netflix.discovery.DiscoveryClient    : Completed shut down of DiscoveryClient
